2023-10-07 06:34:01,363 [INFO] Activator:179 - 


2023-10-07 06:34:01,364 [INFO] Activator:180 - !SESSION log4j initialized
2023-10-07 06:34:09,239 [ERROR] ConfigurationRetriever:140 - IOException on connection: citools.st.com
2023-10-07 06:34:09,241 [ERROR] ConfigurationRetriever:140 - IOException on connection: citools.st.com
2023-10-07 06:34:09,241 [ERROR] ConfigurationRetriever:140 - IOException on connection: citools.st.com
2023-10-07 06:34:26,276 [INFO] McuFinderGlobals:52 - Set McuFinder mode to 2 (CubeIDE integrated)
2023-10-07 06:34:26,522 [INFO] ApplicationProperties:181 - Using Application install path: C:\ST\STM32CubeIDE_1.11.2\STM32CubeIDE\plugins\com.st.stm32cube.common.mx_6.7.0.202301130839
2023-10-07 06:34:26,538 [INFO] DbMcusXml:77 - Set database path to: C:\ST\STM32CubeIDE_1.11.2\STM32CubeIDE\plugins\com.st.stm32cube.common.mx_6.7.0.202301130839\\db\/mcu/
2023-10-07 06:34:26,538 [INFO] ApiDb:273 - Set plugin database path to: C:\ST\STM32CubeIDE_1.11.2\STM32CubeIDE\plugins\com.st.stm32cube.common.mx_6.7.0.202301130839\\db\/plugins/boardmanager/
2023-10-07 06:34:26,540 [WARN] ApiDb:258 - Overriding images path with different value:  => C:\ST\STM32CubeIDE_1.11.2\STM32CubeIDE\plugins\com.st.stm32cube.common.mx_6.7.0.202301130839\\db\/plugins/mcufinder/images/
2023-10-07 06:34:26,559 [INFO] ApiDb:249 - Set database path to: C:\Users\harpr\.stmcufinder\plugins\mcufinder//mcu/
2023-10-07 06:34:26,561 [INFO] DbMcusAds:124 - Set database path to: C:\Users\harpr\.stmcufinder\plugins\mcufinder//mcu/
2023-10-07 06:34:26,580 [INFO] CrossReferenceDbSqlite:202 - Set database path to: C:\Users\harpr\.stmcufinder\plugins\mcufinder//mcu/cs/
2023-10-07 06:34:26,673 [INFO] RulesReader:61 - Compatibility file has been processed (283 Rules)
2023-10-07 06:34:26,758 [INFO] DbMcusXml:77 - Set database path to: C:\ST\STM32CubeIDE_1.11.2\STM32CubeIDE\plugins\com.st.stm32cube.common.mx_6.7.0.202301130839\\db\/mcu/
2023-10-07 06:34:26,758 [INFO] ApiDb:273 - Set plugin database path to: C:\ST\STM32CubeIDE_1.11.2\STM32CubeIDE\plugins\com.st.stm32cube.common.mx_6.7.0.202301130839\\db\/plugins/boardmanager/
2023-10-07 06:34:26,759 [INFO] ApiDb:260 - Set plugin images path to: C:\ST\STM32CubeIDE_1.11.2\STM32CubeIDE\plugins\com.st.stm32cube.common.mx_6.7.0.202301130839\\db\/plugins/mcufinder/images/
2023-10-07 06:34:26,759 [WARN] DbFile:40 - Overriding database path with different value: C:\Users\harpr\.stmcufinder\plugins\mcufinder/ => C:\Users\harpr\.stmcufinder\plugins\mcufinder
2023-10-07 06:34:26,759 [INFO] ApiDb:249 - Set database path to: C:\Users\harpr\.stmcufinder\plugins\mcufinder//mcu/
2023-10-07 06:34:26,759 [WARN] DbFile:40 - Overriding database path with different value: C:\Users\harpr\.stmcufinder\plugins\mcufinder/ => C:\Users\harpr\.stmcufinder\plugins\mcufinder
2023-10-07 06:34:26,759 [INFO] DbMcusAds:124 - Set database path to: C:\Users\harpr\.stmcufinder\plugins\mcufinder//mcu/
2023-10-07 06:34:26,760 [WARN] DbFile:40 - Overriding database path with different value: C:\Users\harpr\.stmcufinder\plugins\mcufinder/ => C:\Users\harpr\.stmcufinder\plugins\mcufinder
2023-10-07 06:34:26,760 [WARN] DbFile:40 - Overriding database path with different value: C:\Users\harpr\.stmcufinder\plugins\mcufinder/ => C:\Users\harpr\.stmcufinder\plugins\mcufinder
2023-10-07 06:34:26,760 [INFO] CrossReferenceDbSqlite:202 - Set database path to: C:\Users\harpr\.stmcufinder\plugins\mcufinder//mcu/cs/
2023-10-07 06:34:26,836 [INFO] MainPanel:252 - HeapMemory: 268435456
2023-10-07 06:34:26,926 [INFO] DbMcusXml:77 - Set database path to: C:\ST\STM32CubeIDE_1.11.2\STM32CubeIDE\plugins\com.st.stm32cube.common.mx_6.7.0.202301130839\\db\/mcu/
2023-10-07 06:34:26,927 [INFO] ApiDb:273 - Set plugin database path to: C:\ST\STM32CubeIDE_1.11.2\STM32CubeIDE\plugins\com.st.stm32cube.common.mx_6.7.0.202301130839\\db\/plugins/boardmanager/
2023-10-07 06:34:26,927 [INFO] ApiDb:260 - Set plugin images path to: C:\ST\STM32CubeIDE_1.11.2\STM32CubeIDE\plugins\com.st.stm32cube.common.mx_6.7.0.202301130839\\db\/plugins/mcufinder/images/
2023-10-07 06:34:26,927 [WARN] DbFile:40 - Overriding database path with different value: C:\Users\harpr\.stmcufinder\plugins\mcufinder/ => C:\Users\harpr\.stmcufinder\plugins\mcufinder
2023-10-07 06:34:26,927 [INFO] ApiDb:249 - Set database path to: C:\Users\harpr\.stmcufinder\plugins\mcufinder//mcu/
2023-10-07 06:34:26,927 [WARN] DbFile:40 - Overriding database path with different value: C:\Users\harpr\.stmcufinder\plugins\mcufinder/ => C:\Users\harpr\.stmcufinder\plugins\mcufinder
2023-10-07 06:34:26,927 [INFO] DbMcusAds:124 - Set database path to: C:\Users\harpr\.stmcufinder\plugins\mcufinder//mcu/
2023-10-07 06:34:26,928 [WARN] DbFile:40 - Overriding database path with different value: C:\Users\harpr\.stmcufinder\plugins\mcufinder/ => C:\Users\harpr\.stmcufinder\plugins\mcufinder
2023-10-07 06:34:26,928 [WARN] DbFile:40 - Overriding database path with different value: C:\Users\harpr\.stmcufinder\plugins\mcufinder/ => C:\Users\harpr\.stmcufinder\plugins\mcufinder
2023-10-07 06:34:26,928 [INFO] CrossReferenceDbSqlite:202 - Set database path to: C:\Users\harpr\.stmcufinder\plugins\mcufinder//mcu/cs/
2023-10-07 06:34:26,943 [INFO] ApplicationProperties:181 - Using Application install path: C:\ST\STM32CubeIDE_1.11.2\STM32CubeIDE\plugins\com.st.stm32cube.common.mx_6.7.0.202301130839
2023-10-07 06:34:26,945 [INFO] PluginManage:193 - Search for loadable plugins [exclusion list=, ]
2023-10-07 06:34:26,947 [INFO] PluginManage:307 - Check plugin analytics
2023-10-07 06:34:29,919 [ERROR] LogOutputStream:74 - [STDERR_REDIRECT] SLF4J: Failed to load class "org.slf4j.impl.StaticLoggerBinder".
2023-10-07 06:34:29,919 [ERROR] LogOutputStream:74 - [STDERR_REDIRECT] SLF4J: Defaulting to no-operation (NOP) logger implementation
2023-10-07 06:34:29,920 [ERROR] LogOutputStream:74 - [STDERR_REDIRECT] SLF4J: See http://www.slf4j.org/codes.html#StaticLoggerBinder for further details.
2023-10-07 06:34:32,029 [INFO] AnalyticsPlugin:262 - Accepted Software Licenses: STM32CubeMX.6.6.1
2023-10-07 06:34:32,029 [INFO] AnalyticsPlugin:264 - Accepted CMSIS Pack Licenses: 
2023-10-07 06:34:32,030 [INFO] AnalyticsPlugin:266 - Accepted Firmware Licenses: FW.F4.1.27.0
2023-10-07 06:34:32,036 [INFO] PluginManage:356 - Loaded plugin analytics (category:tool,tabindex:-1)
2023-10-07 06:34:32,037 [INFO] PluginManage:307 - Check plugin cadmodel
2023-10-07 06:34:32,049 [INFO] CADModel:104 - Init CAD model plugin
2023-10-07 06:34:32,049 [INFO] PluginManage:356 - Loaded plugin cadmodel (category:power,tabindex:5)
2023-10-07 06:34:32,049 [INFO] PluginManage:307 - Check plugin clock
2023-10-07 06:34:32,066 [INFO] PluginManage:356 - Loaded plugin clock (category:base,tabindex:2)
2023-10-07 06:34:32,066 [INFO] PluginManage:307 - Check plugin ddr
2023-10-07 06:34:32,068 [INFO] PluginManage:356 - Loaded plugin ddr (category:tool,tabindex:6)
2023-10-07 06:34:32,068 [INFO] PluginManage:307 - Check plugin filemanager
2023-10-07 06:34:32,188 [INFO] PluginManage:356 - Loaded plugin filemanager (category:base,tabindex:10)
2023-10-07 06:34:32,188 [INFO] PluginManage:307 - Check plugin ipmanager
2023-10-07 06:34:32,195 [INFO] PluginManage:356 - Loaded plugin ipmanager (category:base,tabindex:5)
2023-10-07 06:34:32,195 [INFO] PluginManage:307 - Check plugin lpbam
2023-10-07 06:34:32,210 [INFO] PluginManage:356 - Loaded plugin lpbam (category:base,tabindex:0)
2023-10-07 06:34:32,210 [INFO] PluginManage:307 - Check plugin pinoutandconfiguration
2023-10-07 06:34:32,225 [INFO] PluginManage:356 - Loaded plugin pinoutandconfiguration (category:base,tabindex:1)
2023-10-07 06:34:32,225 [INFO] PluginManage:307 - Check plugin pinoutconfig
2023-10-07 06:34:32,258 [INFO] PluginManage:356 - Loaded plugin pinoutconfig (category:base,tabindex:0)
2023-10-07 06:34:32,258 [INFO] PluginManage:307 - Check plugin power
2023-10-07 06:34:32,272 [INFO] PluginManage:356 - Loaded plugin power (category:power,tabindex:4)
2023-10-07 06:34:32,273 [INFO] PluginManage:307 - Check plugin projectmanager
2023-10-07 06:34:32,285 [INFO] PluginManage:356 - Loaded plugin projectmanager (category:projectmanager,tabindex:3)
2023-10-07 06:34:32,285 [INFO] PluginManage:307 - Check plugin thirdparty
2023-10-07 06:34:32,526 [WARN] IntegrityCheckThread:82 - waiting for thirdparty lock release [integrity check]
2023-10-07 06:34:32,526 [INFO] PluginManage:356 - Loaded plugin thirdparty (category:base,tabindex:-1)
2023-10-07 06:34:32,527 [INFO] IntegrityCheckThread:84 - entering critical section [integrity check]
2023-10-07 06:34:32,527 [INFO] PluginManage:307 - Check plugin tools
2023-10-07 06:34:32,528 [INFO] ThirdPartyUpdaterWithRetryManager:70 - Updater plugin not ready yet. [1/15]
2023-10-07 06:34:32,550 [INFO] PluginManage:356 - Loaded plugin tools (category:base,tabindex:7)
2023-10-07 06:34:32,550 [INFO] PluginManage:307 - Check plugin tutovideos
2023-10-07 06:34:32,719 [INFO] PluginManage:356 - Loaded plugin tutovideos (category:base,tabindex:-1)
2023-10-07 06:34:32,719 [INFO] PluginManage:307 - Check plugin updater
2023-10-07 06:34:32,730 [INFO] PluginManage:356 - Loaded plugin updater (category:base,tabindex:12)
2023-10-07 06:34:32,730 [INFO] PluginManage:280 - PluginManage : Loaded plugins [15]
2023-10-07 06:34:32,962 [INFO] PinOutPanel:1477 - setPackage(No Configuration,No Configuration)
2023-10-07 06:34:33,025 [INFO] CADModel:164 - CPN selected for project level
2023-10-07 06:34:33,025 [INFO] CADModel:113 - Register for checkConnection events
2023-10-07 06:34:33,049 [INFO] IPUIPlugin:79 - create IPUIPlugin
2023-10-07 06:34:33,050 [INFO] PluginManager:219 - loadIPPluginJar : add adc
2023-10-07 06:34:33,081 [INFO] IPUIPlugin:79 - create IPUIPlugin
2023-10-07 06:34:33,081 [INFO] PluginManager:219 - loadIPPluginJar : add aes
2023-10-07 06:34:33,116 [INFO] IPUIPlugin:79 - create IPUIPlugin
2023-10-07 06:34:33,116 [INFO] PluginManager:219 - loadIPPluginJar : add can
2023-10-07 06:34:33,135 [INFO] IPUIPlugin:79 - create IPUIPlugin
2023-10-07 06:34:33,135 [INFO] PluginManager:219 - loadIPPluginJar : add comp
2023-10-07 06:34:33,162 [INFO] IPUIPlugin:79 - create IPUIPlugin
2023-10-07 06:34:33,163 [INFO] PluginManager:219 - loadIPPluginJar : add cryp
2023-10-07 06:34:33,186 [INFO] IPUIPlugin:79 - create IPUIPlugin
2023-10-07 06:34:33,186 [INFO] PluginManager:219 - loadIPPluginJar : add dfsdm
2023-10-07 06:34:33,199 [INFO] IPUIPlugin:79 - create IPUIPlugin
2023-10-07 06:34:33,199 [INFO] PluginManager:219 - loadIPPluginJar : add dma
2023-10-07 06:34:33,230 [INFO] IPUIPlugin:79 - create IPUIPlugin
2023-10-07 06:34:33,231 [INFO] PluginManager:219 - loadIPPluginJar : add dma3
2023-10-07 06:34:33,246 [INFO] IPUIPlugin:79 - create IPUIPlugin
2023-10-07 06:34:33,246 [INFO] PluginManager:219 - loadIPPluginJar : add fatfs
2023-10-07 06:34:33,282 [INFO] IPUIPlugin:79 - create IPUIPlugin
2023-10-07 06:34:33,282 [INFO] PluginManager:219 - loadIPPluginJar : add fmc
2023-10-07 06:34:33,296 [INFO] IPUIPlugin:79 - create IPUIPlugin
2023-10-07 06:34:33,296 [INFO] PluginManager:219 - loadIPPluginJar : add freertos
2023-10-07 06:34:33,313 [INFO] IPUIPlugin:79 - create IPUIPlugin
2023-10-07 06:34:33,314 [INFO] PluginManager:219 - loadIPPluginJar : add genericplugin
2023-10-07 06:34:33,394 [INFO] IPUIPlugin:79 - create IPUIPlugin
2023-10-07 06:34:33,395 [INFO] PluginManager:219 - loadIPPluginJar : add gfxmmu
2023-10-07 06:34:33,492 [INFO] IPUIPlugin:79 - create IPUIPlugin
2023-10-07 06:34:33,492 [INFO] PluginManager:219 - loadIPPluginJar : add gic
2023-10-07 06:34:33,503 [INFO] IPUIPlugin:79 - create IPUIPlugin
2023-10-07 06:34:33,503 [INFO] PluginManager:219 - loadIPPluginJar : add gpio
2023-10-07 06:34:33,568 [INFO] IPUIPlugin:79 - create IPUIPlugin
2023-10-07 06:34:33,568 [INFO] PluginManager:219 - loadIPPluginJar : add gtzc
2023-10-07 06:34:33,592 [INFO] IPUIPlugin:79 - create IPUIPlugin
2023-10-07 06:34:33,592 [INFO] PluginManager:219 - loadIPPluginJar : add hash
2023-10-07 06:34:33,633 [INFO] IPUIPlugin:79 - create IPUIPlugin
2023-10-07 06:34:33,633 [INFO] PluginManager:219 - loadIPPluginJar : add i2c
2023-10-07 06:34:33,666 [INFO] IPUIPlugin:79 - create IPUIPlugin
2023-10-07 06:34:33,667 [INFO] PluginManager:219 - loadIPPluginJar : add i2s
2023-10-07 06:34:33,754 [INFO] IPUIPlugin:79 - create IPUIPlugin
2023-10-07 06:34:33,755 [INFO] PluginManager:219 - loadIPPluginJar : add ipddr
2023-10-07 06:34:33,831 [INFO] IPUIPlugin:79 - create IPUIPlugin
2023-10-07 06:34:33,831 [INFO] PluginManager:219 - loadIPPluginJar : add linkedlist
2023-10-07 06:34:33,857 [INFO] IPUIPlugin:79 - create IPUIPlugin
2023-10-07 06:34:33,858 [INFO] PluginManager:219 - loadIPPluginJar : add lorawan
2023-10-07 06:34:33,884 [INFO] IPUIPlugin:79 - create IPUIPlugin
2023-10-07 06:34:33,884 [INFO] PluginManager:219 - loadIPPluginJar : add ltdc
2023-10-07 06:34:33,896 [INFO] IPUIPlugin:79 - create IPUIPlugin
2023-10-07 06:34:33,896 [INFO] PluginManager:219 - loadIPPluginJar : add mdma
2023-10-07 06:34:33,906 [INFO] IPUIPlugin:79 - create IPUIPlugin
2023-10-07 06:34:33,906 [INFO] PluginManager:219 - loadIPPluginJar : add nvic
2023-10-07 06:34:33,932 [INFO] IPUIPlugin:79 - create IPUIPlugin
2023-10-07 06:34:33,932 [INFO] PluginManager:219 - loadIPPluginJar : add opamp
2023-10-07 06:34:33,977 [INFO] IPUIPlugin:79 - create IPUIPlugin
2023-10-07 06:34:33,977 [INFO] PluginManager:219 - loadIPPluginJar : add openamp
2023-10-07 06:34:34,008 [INFO] IPUIPlugin:79 - create IPUIPlugin
2023-10-07 06:34:34,009 [INFO] PluginManager:219 - loadIPPluginJar : add pdm2pcm
2023-10-07 06:34:34,021 [INFO] IPUIPlugin:79 - create IPUIPlugin
2023-10-07 06:34:34,023 [INFO] PluginManager:219 - loadIPPluginJar : add plateformsettings
2023-10-07 06:34:34,039 [INFO] IPUIPlugin:79 - create IPUIPlugin
2023-10-07 06:34:34,040 [INFO] PluginManager:219 - loadIPPluginJar : add quadspi
2023-10-07 06:34:34,049 [INFO] IPUIPlugin:79 - create IPUIPlugin
2023-10-07 06:34:34,049 [INFO] PluginManager:219 - loadIPPluginJar : add resmgrutility
2023-10-07 06:34:34,085 [INFO] IPUIPlugin:79 - create IPUIPlugin
2023-10-07 06:34:34,086 [INFO] PluginManager:219 - loadIPPluginJar : add sai
2023-10-07 06:34:34,112 [INFO] IPUIPlugin:79 - create IPUIPlugin
2023-10-07 06:34:34,113 [INFO] PluginManager:219 - loadIPPluginJar : add spi
2023-10-07 06:34:34,152 [INFO] IPUIPlugin:79 - create IPUIPlugin
2023-10-07 06:34:34,153 [INFO] PluginManager:219 - loadIPPluginJar : add stm32_wpan
2023-10-07 06:34:34,170 [INFO] IPUIPlugin:79 - create IPUIPlugin
2023-10-07 06:34:34,171 [INFO] PluginManager:219 - loadIPPluginJar : add tim
2023-10-07 06:34:34,214 [INFO] IPUIPlugin:79 - create IPUIPlugin
2023-10-07 06:34:34,215 [INFO] PluginManager:219 - loadIPPluginJar : add touchsensing
2023-10-07 06:34:34,234 [INFO] IPUIPlugin:79 - create IPUIPlugin
2023-10-07 06:34:34,234 [INFO] PluginManager:219 - loadIPPluginJar : add tracer_emb
2023-10-07 06:34:34,252 [INFO] IPUIPlugin:79 - create IPUIPlugin
2023-10-07 06:34:34,252 [INFO] PluginManager:219 - loadIPPluginJar : add ts
2023-10-07 06:34:34,269 [INFO] IPUIPlugin:79 - create IPUIPlugin
2023-10-07 06:34:34,269 [INFO] PluginManager:219 - loadIPPluginJar : add tsc
2023-10-07 06:34:34,286 [INFO] IPUIPlugin:79 - create IPUIPlugin
2023-10-07 06:34:34,287 [INFO] PluginManager:219 - loadIPPluginJar : add ucpd
2023-10-07 06:34:34,319 [INFO] IPUIPlugin:79 - create IPUIPlugin
2023-10-07 06:34:34,319 [INFO] PluginManager:219 - loadIPPluginJar : add usart
2023-10-07 06:34:34,351 [INFO] IPUIPlugin:79 - create IPUIPlugin
2023-10-07 06:34:34,352 [INFO] PluginManager:219 - loadIPPluginJar : add usbx
2023-10-07 06:34:34,471 [INFO] CADModel:164 - CPN selected for project level
2023-10-07 06:34:34,472 [INFO] CADModel:113 - Register for checkConnection events
2023-10-07 06:34:34,472 [FATAL] Updater:308 - Updater called before beeing initialized
2023-10-07 06:34:34,472 [ERROR] CADModel:124 - Updater not yet initialized, retry later 
2023-10-07 06:34:34,607 [INFO] CADModel:164 - CPN selected for project level
2023-10-07 06:34:34,607 [INFO] CADModel:113 - Register for checkConnection events
2023-10-07 06:34:34,607 [FATAL] Updater:308 - Updater called before beeing initialized
2023-10-07 06:34:34,607 [ERROR] CADModel:124 - Updater not yet initialized, retry later 
2023-10-07 06:34:34,610 [FATAL] Updater:308 - Updater called before beeing initialized
2023-10-07 06:34:34,732 [FATAL] Updater:308 - Updater called before beeing initialized
2023-10-07 06:34:34,748 [INFO] DbMcusAds:52 - JSON generation date=Tue Mar 07 14:20:55 IST 2023 (1678179055335)
2023-10-07 06:34:34,749 [FATAL] Updater:308 - Updater called before beeing initialized
2023-10-07 06:34:34,792 [WARN] DetailPanel:344 - Failed to get advertising image, set to default
2023-10-07 06:34:34,902 [FATAL] Updater:308 - Updater called before beeing initialized
2023-10-07 06:34:34,904 [FATAL] Updater:308 - Updater called before beeing initialized
2023-10-07 06:34:34,904 [FATAL] Updater:308 - Updater called before beeing initialized
2023-10-07 06:34:34,905 [WARN] DetailPanel:344 - Failed to get advertising image, set to default
2023-10-07 06:34:34,905 [FATAL] Updater:308 - Updater called before beeing initialized
2023-10-07 06:34:34,960 [ERROR] Updater:1120 - MainUpdater not yet initialized. External WinMGr cannot be set.
2023-10-07 06:34:34,969 [INFO] Updater:1056 - Updater Version found : 6.7.0
2023-10-07 06:34:34,985 [INFO] ApplicationProperties:181 - Using Application install path: C:\ST\STM32CubeIDE_1.11.2\STM32CubeIDE\plugins\com.st.stm32cube.common.mx_6.7.0.202301130839
2023-10-07 06:34:35,534 [INFO] ThirdPartyUpdaterWithRetryManager:70 - Updater plugin not ready yet. [2/15]
2023-10-07 06:34:36,138 [INFO] MainUpdater:2800 - connection check result : 10
2023-10-07 06:34:36,139 [INFO] MainUpdater:282 - Updater Check For Update Now.
2023-10-07 06:34:36,140 [INFO] MicroXplorer:481 - Change Database Version : DB.6.0.70
2023-10-07 06:34:36,333 [INFO] CheckServerUpdateThread:119 - End of CheckServer Thread
2023-10-07 06:34:36,377 [INFO] MainUpdater:2800 - connection check result : 10
2023-10-07 06:34:37,047 [INFO] ApiDb:580 - Connected to CubeFinder SQLite database (C:\Users\harpr\.stmcufinder\plugins\mcufinder\mcu\cube-finder-db.db)
2023-10-07 06:34:37,123 [INFO] ApiDb:667 - CubeFinder database Data Model version=2.1
2023-10-07 06:34:37,123 [INFO] ApiDb:668 - CubeFinder database Configuration version=3.0.37
2023-10-07 06:34:37,124 [INFO] ApiDb:669 - CubeFinder database generation date=2023-08-09 (1691586011)
2023-10-07 06:34:37,124 [INFO] ApiDb:670 - CubeFinder database FW Pack versions=[FP-ATR-ASTRA1_V2.0.0, FP-SNS-FLIGHT1_V5.0.1, FP-SNS-FLIGHT1_V5.0.2, FP-SNS-MOTENV1_V4.3.1, FP-SNS-MOTENV1_V4.3.2, STM32Cube_FW_C0_V1.1.0, STM32Cube_FW_F4_V1.27.1, STM32Cube_FW_F7_V1.17.0, STM32Cube_FW_G0_V1.6.1, STM32Cube_FW_G4_V1.5.1, STM32Cube_FW_H5_V0.5.1, STM32Cube_FW_H5_V1.1.0, STM32Cube_FW_H7_V1.11.0, STM32Cube_FW_L0_V1.12.2, STM32Cube_FW_L5_V1.5.0, STM32Cube_FW_U5_V1.3.0, STM32Cube_FW_U5_V1.3.0RC4, STM32Cube_FW_WBA_V1.0.0RC1, STM32Cube_FW_WBA_V1.1.0, STM32Cube_FW_WBA_V1.1.0RC1, STM32Cube_FW_WB_V1.15.0RC1, STM32Cube_FW_WB_V1.16.0, STM32Cube_FW_WB_V1.16.0RC2, STM32Cube_FW_WB_V1.17.0, STM32Cube_FW_WL_V1.3.0, X-CUBE-ALGOBUILD_V1.3.0, X-CUBE-ALS_V1.0.1, X-CUBE-AZRTOS-F4_V1.1.0, X-CUBE-AZRTOS-F7_V1.1.0, X-CUBE-AZRTOS-G0_V1.1.0, X-CUBE-AZRTOS-G4_V2.0.0, X-CUBE-AZRTOS-H7_V3.1.0, X-CUBE-AZRTOS-L4_V1.0.0, X-CUBE-AZRTOS-L4_V2.0.0, X-CUBE-AZRTOS-L5_V1.1.0, X-CUBE-AZRTOS-WB_V1.1.0, X-CUBE-AZRTOS-WL_V2.0.0, X-CUBE-BLE1_V7.0.0, X-CUBE-BLE2_V3.3.0, X-CUBE-BLEMGR_V2.0.0, X-CUBE-EEPRMA1_V4.1.0, X-CUBE-FREERTOS_V1.1.0, X-CUBE-GNSS1_V6.0.0, X-CUBE-MEMS1_V9.1.0, X-CUBE-MEMS1_V9.4.0, X-CUBE-MEMS1_V9.6.0, X-CUBE-NFC4_V3.0.0, X-CUBE-NFC7_V1.0.0, X-CUBE-SFXS2LP1_V4.0.0, X-CUBE-SUBG2_V5.0.0, X-CUBE-TOF1_V3.3.1]
2023-10-07 06:34:38,741 [WARN] PackLoader:242 - Cannot read IP mode file for STMicroelectronics.X-CUBE-SMBUS.2.1.0
2023-10-07 06:34:38,787 [WARN] PackLoader:242 - Cannot read IP mode file for STMicroelectronics.X-CUBE-AZRTOS-F7.1.1.0
2023-10-07 06:34:38,804 [WARN] PackLoader:242 - Cannot read IP mode file for STMicroelectronics.FP-SNS-MOTENV1.4.3.2
2023-10-07 06:34:38,819 [WARN] PackLoader:242 - Cannot read IP mode file for STMicroelectronics.FP-SNS-FLIGHT1.5.0.2
2023-10-07 06:34:38,836 [WARN] PackLoader:242 - Cannot read IP mode file for STMicroelectronics.X-CUBE-DISPLAY.3.0.0
2023-10-07 06:34:38,854 [WARN] PackLoader:242 - Cannot read IP mode file for STMicroelectronics.X-CUBE-BLE1.7.0.0
2023-10-07 06:34:38,879 [WARN] PackLoader:242 - Cannot read IP mode file for emotas.I-CUBE-CANOPEN.1.3.0
2023-10-07 06:34:38,898 [WARN] PackLoader:242 - Cannot read IP mode file for STMicroelectronics.X-CUBE-TOUCHGFX.4.22.0
2023-10-07 06:34:38,921 [WARN] PackLoader:242 - Cannot read IP mode file for STMicroelectronics.FP-SNS-SMARTAG2.1.2.0
2023-10-07 06:34:38,964 [INFO] LogOutputStream:76 - [STDOUT_REDIRECT] 1 : Invalid condition id : UX_CORESTACK_Condition cause : null
2023-10-07 06:34:38,965 [INFO] LogOutputStream:76 - [STDOUT_REDIRECT] 1 : Invalid condition id : UX_CORESTACK_Condition cause : null
2023-10-07 06:34:38,966 [INFO] LogOutputStream:76 - [STDOUT_REDIRECT] 1 : Invalid condition id : UX_CORESTACK_Condition cause : null
2023-10-07 06:34:38,967 [INFO] LogOutputStream:76 - [STDOUT_REDIRECT] 1 : Invalid condition id : UX_CORESTACK_Condition cause : null
2023-10-07 06:34:38,969 [INFO] LogOutputStream:76 - [STDOUT_REDIRECT] 1 : Invalid condition id : UX_CORESTACK_Condition cause : null
2023-10-07 06:34:38,974 [WARN] PackLoader:242 - Cannot read IP mode file for STMicroelectronics.X-CUBE-AZRTOS-WL.2.0.0
2023-10-07 06:34:38,999 [WARN] PackLoader:242 - Cannot read IP mode file for WES.I-CUBE-Cesium.1.3.0
2023-10-07 06:34:39,013 [WARN] PackLoader:242 - Cannot read IP mode file for STMicroelectronics.X-CUBE-BLE2.3.3.0
2023-10-07 06:34:39,027 [WARN] PackLoader:242 - Cannot read IP mode file for STMicroelectronics.X-CUBE-ALGOBUILD.1.3.0
2023-10-07 06:34:39,054 [WARN] PackLoader:242 - Cannot read IP mode file for STMicroelectronics.X-CUBE-AZRTOS-G0.1.1.0
2023-10-07 06:34:39,068 [WARN] PackLoader:242 - Cannot read IP mode file for STMicroelectronics.X-CUBE-NFC4.3.0.0
2023-10-07 06:34:39,079 [WARN] PackLoader:242 - Cannot read IP mode file for STMicroelectronics.FP-ATR-SIGFOX1.3.2.0
2023-10-07 06:34:39,115 [WARN] PackLoader:242 - Cannot read IP mode file for SEGGER.I-CUBE-embOS.1.3.1
2023-10-07 06:34:39,176 [WARN] PackLoader:242 - Cannot read IP mode file for STMicroelectronics.X-CUBE-GNSS1.6.0.0
2023-10-07 06:34:39,214 [WARN] PackLoader:242 - Cannot read IP mode file for STMicroelectronics.X-CUBE-AZRTOS-F4.1.1.0
2023-10-07 06:34:39,238 [WARN] PackLoader:242 - Cannot read IP mode file for wolfSSL.I-CUBE-wolfSSL.5.6.3
2023-10-07 06:34:39,284 [WARN] PackLoader:242 - Cannot read IP mode file for STMicroelectronics.X-CUBE-AZRTOS-L5.2.0.0
2023-10-07 06:34:39,349 [WARN] PackLoader:242 - Cannot read IP mode file for STMicroelectronics.X-CUBE-MEMS1.9.6.0
2023-10-07 06:34:39,460 [INFO] ApiDb:239 - Found 143 in-development CPN: [B-WB1M-WPAN1, B-WL5M-SUBG1, NUCLEO-C031C6, STEVAL-PROTEUS1, STEVAL-STWINBX1, STM320518-EVAL, STM32C0116-DK, STM32C011D6Y3TR, STM32C011D6Y6TR, STM32C011F4P3, STM32C011F4P6, STM32C011F4U3, STM32C011F4U6TR, STM32C011F6P3, STM32C011F6P6, STM32C011F6U3, STM32C011F6U6TR, STM32C011J4M3, STM32C011J4M6, STM32C011J6M3, STM32C011J6M6, STM32C0316-DK, STM32C031C4T3, STM32C031C4T6, STM32C031C4U3, STM32C031C4U6, STM32C031C6T3, STM32C031C6T6, STM32C031C6U3, STM32C031C6U6, STM32C031F4P3, STM32C031F4P6, STM32C031F6P3, STM32C031F6P6, STM32C031G4U3, STM32C031G4U6, STM32C031G6U3, STM32C031G6U6, STM32C031K4T3, STM32C031K4T6, STM32C031K4U3, STM32C031K4U6, STM32C031K6T3, STM32C031K6T6, STM32C031K6U3, STM32C031K6U6, STM32G071K8TXN, STM32G071K8UXN, STM32G081GBU6N, STM32G081KBT6N, STM32G081KBUXN, STM32G0B1CCT6N, STM32G0B1KCT6, STM32G0B1NEY6TR, STM32G0B1RCT6N, STM32G0C1CCT6, STM32G0C1CCT6N, STM32G0C1CCU6N, STM32G0C1CET6N, STM32G0C1CEU6N, STM32G0C1KCT6, STM32G0C1NEY6TR, STM32G0C1RCI6N, STM32G0C1RCT6N, STM32G0C1REI6N, STM32G0C1RET6N, STM32G0C1VCI6, STM32G0C1VEI6, STM32G471CCT6, STM32G471CCU6, STM32G471CET3, STM32G471CET6, STM32G471CEU3, STM32G471CEU6, STM32G471MCT6, STM32G471MET3, STM32G471MET6, STM32G471MEY6TR, STM32G471QCT6, STM32G471QET3, STM32G471RCT6, STM32G471RET3, STM32G471RET6, STM32G471VCH6, STM32G471VCI6, STM32G471VCT6, STM32G471VEH3, STM32G471VEH6, STM32G471VEI3, STM32G471VEI6, STM32G471VET3, STM32G471VET6, STM32G474CCT6, STM32L476VGY6PTR, STM32L4R5QGI6STR, STM32MP131AAE3, STM32MP131AAF3, STM32MP131AAG3, STM32MP131CAE3, STM32MP131CAF3, STM32MP131CAG3, STM32MP131DAE7, STM32MP131DAF7, STM32MP131DAG7, STM32MP131FAE7, STM32MP131FAF7, STM32MP131FAG7, STM32MP133AAE3, STM32MP133AAF3, STM32MP133AAG3, STM32MP133CAE3, STM32MP133CAF3, STM32MP133CAG3, STM32MP133DAE7, STM32MP133DAF7, STM32MP133DAG7, STM32MP133FAE7, STM32MP133FAF7, STM32MP133FAG7, STM32MP135AAE3, STM32MP135AAF3, STM32MP135AAG3, STM32MP135CAE3, STM32MP135CAF3, STM32MP135CAG3, STM32MP135DAE7, STM32MP135DAF7, STM32MP135DAG7, STM32MP135F-DK, STM32MP135FAE7, STM32MP135FAF7, STM32MP135FAF7T, STM32MP135FAF7U, STM32MP135FAG7, STM32U595ZJT6Q, STM32U599BJY6QTR, STM32U599NIH6Q, STM32U599NJH6Q, STM32U5A5ZJT6Q, STM32U5A9BJY6QTR, STM32U5A9NJH6Q, STM32WB1MMCH6, STM32WL5MOCH6TR]
2023-10-07 06:34:39,467 [INFO] DbMcus:215 - Found 3806 MCUs, 3806 are supported
2023-10-07 06:34:39,470 [INFO] ApiDb:422 - Load user favorites file C:\Users\harpr/.stm32cubeide/favorites.mcus.txt: 0 item(s)
2023-10-07 06:34:39,471 [INFO] ApiDb:426 - User favorites MCUs=[]
2023-10-07 06:34:39,472 [INFO] DbMcus:221 - Set 0 / 0 favorites MCUs
2023-10-07 06:34:39,507 [WARN] PackLoader:242 - Cannot read IP mode file for STMicroelectronics.X-CUBE-BLEMGR.2.0.0
2023-10-07 06:34:39,536 [WARN] ConditionMgr:437 - getConditionDescription Invalid condition id : UX DEVICE CLASS RTOS Condition cause : null
2023-10-07 06:34:39,537 [WARN] ConditionMgr:437 - getConditionDescription Invalid condition id : UX DEVICE CLASS RTOS Condition cause : null
2023-10-07 06:34:39,541 [WARN] PackLoader:242 - Cannot read IP mode file for STMicroelectronics.X-CUBE-AZRTOS-H7.3.1.0
2023-10-07 06:34:39,542 [WARN] ConditionMgr:1038 - genDependencies : Invalid condition id : UX DEVICE CLASS RTOS Condition cause : null
2023-10-07 06:34:39,543 [WARN] ConditionMgr:1038 - genDependencies : Invalid condition id : UX DEVICE CLASS RTOS Condition cause : null
2023-10-07 06:34:39,543 [WARN] ConditionMgr:1038 - genDependencies : Invalid condition id : UX DEVICE CLASS RTOS Condition cause : null
2023-10-07 06:34:39,544 [WARN] ConditionMgr:1038 - genDependencies : Invalid condition id : UX DEVICE CLASS RTOS Condition cause : null
2023-10-07 06:34:39,544 [WARN] ConditionMgr:1038 - genDependencies : Invalid condition id : UX DEVICE CLASS RTOS Condition cause : null
2023-10-07 06:34:39,560 [WARN] PackLoader:242 - Cannot read IP mode file for STMicroelectronics.X-CUBE-NFC7.1.0.1
2023-10-07 06:34:39,578 [WARN] PackLoader:242 - Cannot read IP mode file for STMicroelectronics.X-CUBE-NFC6.3.0.0
2023-10-07 06:34:39,598 [WARN] PackLoader:242 - Cannot read IP mode file for STMicroelectronics.X-CUBE-EEPRMA1.4.1.0
2023-10-07 06:34:39,613 [WARN] PackLoader:242 - Cannot read IP mode file for STMicroelectronics.X-CUBE-AI.8.1.0
2023-10-07 06:34:39,645 [WARN] ConditionMgr:437 - getConditionDescription Invalid condition id : LAN8742 Phy interface Condition cause : null
2023-10-07 06:34:39,646 [WARN] PackLoader:242 - Cannot read IP mode file for STMicroelectronics.X-CUBE-AZRTOS-L4.2.0.0
2023-10-07 06:34:39,648 [WARN] ConditionMgr:1038 - genDependencies : Invalid condition id : LAN8742 Phy interface Condition cause : null
2023-10-07 06:34:39,648 [WARN] ConditionMgr:1038 - genDependencies : Invalid condition id : LAN8742 Phy interface Condition cause : null
2023-10-07 06:34:39,649 [WARN] ConditionMgr:1038 - genDependencies : Invalid condition id : LAN8742 Phy interface Condition cause : null
2023-10-07 06:34:39,667 [WARN] PackLoader:242 - Cannot read IP mode file for STMicroelectronics.X-CUBE-SFXS2LP1.4.0.0
2023-10-07 06:34:39,679 [WARN] PackLoader:242 - Cannot read IP mode file for STMicroelectronics.X-CUBE-ISPU.1.1.0
2023-10-07 06:34:39,707 [WARN] ConditionMgr:437 - getConditionDescription Invalid condition id : UX DEVICE CLASS RTOS Condition cause : null
2023-10-07 06:34:39,708 [WARN] ConditionMgr:437 - getConditionDescription Invalid condition id : UX DEVICE CLASS RTOS Condition cause : null
2023-10-07 06:34:39,711 [WARN] PackLoader:242 - Cannot read IP mode file for STMicroelectronics.X-CUBE-AZRTOS-WB.2.0.0
2023-10-07 06:34:39,711 [WARN] ConditionMgr:1038 - genDependencies : Invalid condition id : UX DEVICE CLASS RTOS Condition cause : null
2023-10-07 06:34:39,711 [WARN] ConditionMgr:1038 - genDependencies : Invalid condition id : UX DEVICE CLASS RTOS Condition cause : null
2023-10-07 06:34:39,712 [WARN] ConditionMgr:1038 - genDependencies : Invalid condition id : UX DEVICE CLASS RTOS Condition cause : null
2023-10-07 06:34:39,712 [WARN] ConditionMgr:1038 - genDependencies : Invalid condition id : UX DEVICE CLASS RTOS Condition cause : null
2023-10-07 06:34:39,712 [WARN] ConditionMgr:1038 - genDependencies : Invalid condition id : UX DEVICE CLASS RTOS Condition cause : null
2023-10-07 06:34:39,725 [WARN] PackLoader:242 - Cannot read IP mode file for STMicroelectronics.X-CUBE-FREERTOS.1.0.1
2023-10-07 06:34:39,750 [WARN] PackLoader:242 - Cannot read IP mode file for STMicroelectronics.X-CUBE-SUBG2.5.0.0
2023-10-07 06:34:39,774 [WARN] PackLoader:242 - Cannot read IP mode file for STMicroelectronics.X-CUBE-TOF1.3.3.1
2023-10-07 06:34:39,814 [WARN] PackLoader:242 - Cannot read IP mode file for STMicroelectronics.X-CUBE-AZRTOS-G4.2.0.0
2023-10-07 06:34:39,826 [WARN] PackLoader:242 - Cannot read IP mode file for STMicroelectronics.X-CUBE-FREERTOS.1.1.0
2023-10-07 06:34:39,841 [WARN] PackLoader:242 - Cannot read IP mode file for portGmbH.I-Cube-SoM-uGOAL.1.1.0
2023-10-07 06:34:39,854 [INFO] McuFinderGlobals:65 - Set McuFinderConnectedMode to true
2023-10-07 06:34:39,856 [WARN] PackLoader:242 - Cannot read IP mode file for STMicroelectronics.X-CUBE-ALS.1.0.1
2023-10-07 06:34:39,862 [INFO] MultiScanPanel:196 - Auto-refresh data requested => check proxy status ongoing
2023-10-07 06:34:39,866 [INFO] FinderPluginLoader:92 - Searching for filters in installed packs
2023-10-07 06:34:39,866 [WARN] PackLoader:242 - Cannot read IP mode file for STMicroelectronics.FP-ATR-ASTRA1.2.0.0
2023-10-07 06:34:39,867 [INFO] ThirdParty:947 - Integrity check success = true
2023-10-07 06:34:39,867 [INFO] IntegrityCheckThread:98 - exiting critical section [integrity check]
2023-10-07 06:34:39,867 [INFO] IntegrityCheckThread:101 - End integrity checks thread
2023-10-07 06:34:41,101 [INFO] LoadUrlFilesThread:179 - End of LoadServerUrlFiles without Thread
2023-10-07 06:34:41,115 [INFO] DetailPanel:339 - Set advertising image to C:/Users/harpr/STM32Cube/Repository/\en.prom-stm32h5-mcu-finder.jpg
2023-10-07 06:34:41,931 [INFO] ToolPreferences:109 - Table McuList, key=mcufinder_cubeide.mculist: column name not found=IO
2023-10-07 06:34:41,932 [INFO] ToolPreferences:109 - Table McuList, key=mcufinder_cubeide.mculist: column name not found=Freq.
2023-10-07 06:34:41,941 [INFO] ApiDb:667 - CubeFinder database Data Model version=2.1
2023-10-07 06:34:41,942 [INFO] ApiDb:668 - CubeFinder database Configuration version=3.0.37
2023-10-07 06:34:41,942 [INFO] ApiDb:669 - CubeFinder database generation date=2023-08-09 (1691586011)
2023-10-07 06:34:41,942 [INFO] ApiDb:670 - CubeFinder database FW Pack versions=[FP-ATR-ASTRA1_V2.0.0, FP-SNS-FLIGHT1_V5.0.1, FP-SNS-FLIGHT1_V5.0.2, FP-SNS-MOTENV1_V4.3.1, FP-SNS-MOTENV1_V4.3.2, STM32Cube_FW_C0_V1.1.0, STM32Cube_FW_F4_V1.27.1, STM32Cube_FW_F7_V1.17.0, STM32Cube_FW_G0_V1.6.1, STM32Cube_FW_G4_V1.5.1, STM32Cube_FW_H5_V0.5.1, STM32Cube_FW_H5_V1.1.0, STM32Cube_FW_H7_V1.11.0, STM32Cube_FW_L0_V1.12.2, STM32Cube_FW_L5_V1.5.0, STM32Cube_FW_U5_V1.3.0, STM32Cube_FW_U5_V1.3.0RC4, STM32Cube_FW_WBA_V1.0.0RC1, STM32Cube_FW_WBA_V1.1.0, STM32Cube_FW_WBA_V1.1.0RC1, STM32Cube_FW_WB_V1.15.0RC1, STM32Cube_FW_WB_V1.16.0, STM32Cube_FW_WB_V1.16.0RC2, STM32Cube_FW_WB_V1.17.0, STM32Cube_FW_WL_V1.3.0, X-CUBE-ALGOBUILD_V1.3.0, X-CUBE-ALS_V1.0.1, X-CUBE-AZRTOS-F4_V1.1.0, X-CUBE-AZRTOS-F7_V1.1.0, X-CUBE-AZRTOS-G0_V1.1.0, X-CUBE-AZRTOS-G4_V2.0.0, X-CUBE-AZRTOS-H7_V3.1.0, X-CUBE-AZRTOS-L4_V1.0.0, X-CUBE-AZRTOS-L4_V2.0.0, X-CUBE-AZRTOS-L5_V1.1.0, X-CUBE-AZRTOS-WB_V1.1.0, X-CUBE-AZRTOS-WL_V2.0.0, X-CUBE-BLE1_V7.0.0, X-CUBE-BLE2_V3.3.0, X-CUBE-BLEMGR_V2.0.0, X-CUBE-EEPRMA1_V4.1.0, X-CUBE-FREERTOS_V1.1.0, X-CUBE-GNSS1_V6.0.0, X-CUBE-MEMS1_V9.1.0, X-CUBE-MEMS1_V9.4.0, X-CUBE-MEMS1_V9.6.0, X-CUBE-NFC4_V3.0.0, X-CUBE-NFC7_V1.0.0, X-CUBE-SFXS2LP1_V4.0.0, X-CUBE-SUBG2_V5.0.0, X-CUBE-TOF1_V3.3.1]
2023-10-07 06:34:42,015 [INFO] DbBoardsSqlite:225 - include board P-NUCLEO-WB55-NUCLEO as a kit item of type 'Nucleo-64'
2023-10-07 06:34:42,015 [INFO] DbBoardsSqlite:225 - include board P-NUCLEO-WB55-USBDONGLE as a kit item of type 'Nucleo USB Dongle'
2023-10-07 06:34:42,015 [INFO] DbBoardsSqlite:225 - include board STEVAL-IDP005V1 as a kit item of type 'Evaluation Board'
2023-10-07 06:34:42,015 [INFO] DbBoardsSqlite:225 - include board STEVAL-IDP005V2 as a kit item of type 'Evaluation Board'
2023-10-07 06:34:42,070 [INFO] ApiDb:239 - Found 143 in-development CPN: [B-WB1M-WPAN1, B-WL5M-SUBG1, NUCLEO-C031C6, STEVAL-PROTEUS1, STEVAL-STWINBX1, STM320518-EVAL, STM32C0116-DK, STM32C011D6Y3TR, STM32C011D6Y6TR, STM32C011F4P3, STM32C011F4P6, STM32C011F4U3, STM32C011F4U6TR, STM32C011F6P3, STM32C011F6P6, STM32C011F6U3, STM32C011F6U6TR, STM32C011J4M3, STM32C011J4M6, STM32C011J6M3, STM32C011J6M6, STM32C0316-DK, STM32C031C4T3, STM32C031C4T6, STM32C031C4U3, STM32C031C4U6, STM32C031C6T3, STM32C031C6T6, STM32C031C6U3, STM32C031C6U6, STM32C031F4P3, STM32C031F4P6, STM32C031F6P3, STM32C031F6P6, STM32C031G4U3, STM32C031G4U6, STM32C031G6U3, STM32C031G6U6, STM32C031K4T3, STM32C031K4T6, STM32C031K4U3, STM32C031K4U6, STM32C031K6T3, STM32C031K6T6, STM32C031K6U3, STM32C031K6U6, STM32G071K8TXN, STM32G071K8UXN, STM32G081GBU6N, STM32G081KBT6N, STM32G081KBUXN, STM32G0B1CCT6N, STM32G0B1KCT6, STM32G0B1NEY6TR, STM32G0B1RCT6N, STM32G0C1CCT6, STM32G0C1CCT6N, STM32G0C1CCU6N, STM32G0C1CET6N, STM32G0C1CEU6N, STM32G0C1KCT6, STM32G0C1NEY6TR, STM32G0C1RCI6N, STM32G0C1RCT6N, STM32G0C1REI6N, STM32G0C1RET6N, STM32G0C1VCI6, STM32G0C1VEI6, STM32G471CCT6, STM32G471CCU6, STM32G471CET3, STM32G471CET6, STM32G471CEU3, STM32G471CEU6, STM32G471MCT6, STM32G471MET3, STM32G471MET6, STM32G471MEY6TR, STM32G471QCT6, STM32G471QET3, STM32G471RCT6, STM32G471RET3, STM32G471RET6, STM32G471VCH6, STM32G471VCI6, STM32G471VCT6, STM32G471VEH3, STM32G471VEH6, STM32G471VEI3, STM32G471VEI6, STM32G471VET3, STM32G471VET6, STM32G474CCT6, STM32L476VGY6PTR, STM32L4R5QGI6STR, STM32MP131AAE3, STM32MP131AAF3, STM32MP131AAG3, STM32MP131CAE3, STM32MP131CAF3, STM32MP131CAG3, STM32MP131DAE7, STM32MP131DAF7, STM32MP131DAG7, STM32MP131FAE7, STM32MP131FAF7, STM32MP131FAG7, STM32MP133AAE3, STM32MP133AAF3, STM32MP133AAG3, STM32MP133CAE3, STM32MP133CAF3, STM32MP133CAG3, STM32MP133DAE7, STM32MP133DAF7, STM32MP133DAG7, STM32MP133FAE7, STM32MP133FAF7, STM32MP133FAG7, STM32MP135AAE3, STM32MP135AAF3, STM32MP135AAG3, STM32MP135CAE3, STM32MP135CAF3, STM32MP135CAG3, STM32MP135DAE7, STM32MP135DAF7, STM32MP135DAG7, STM32MP135F-DK, STM32MP135FAE7, STM32MP135FAF7, STM32MP135FAF7T, STM32MP135FAF7U, STM32MP135FAG7, STM32U595ZJT6Q, STM32U599BJY6QTR, STM32U599NIH6Q, STM32U599NJH6Q, STM32U5A5ZJT6Q, STM32U5A9BJY6QTR, STM32U5A9NJH6Q, STM32WB1MMCH6, STM32WL5MOCH6TR]
2023-10-07 06:34:42,174 [INFO] BoardInfo:879 - No configuration file found for board NUCLEO-H503RB
2023-10-07 06:34:42,174 [INFO] DbBoards:156 - Board is not supported: NUCLEO-H503RB
2023-10-07 06:34:42,176 [INFO] BoardInfo:879 - No configuration file found for board NUCLEO-H563ZI
2023-10-07 06:34:42,176 [INFO] DbBoards:156 - Board is not supported: NUCLEO-H563ZI
2023-10-07 06:34:42,208 [INFO] BoardInfo:879 - No configuration file found for board NUCLEO-U545RE-Q
2023-10-07 06:34:42,208 [INFO] DbBoards:156 - Board is not supported: NUCLEO-U545RE-Q
2023-10-07 06:34:42,210 [INFO] BoardInfo:879 - No configuration file found for board NUCLEO-U5A5ZJ-Q
2023-10-07 06:34:42,211 [INFO] DbBoards:156 - Board is not supported: NUCLEO-U5A5ZJ-Q
2023-10-07 06:34:42,214 [INFO] BoardInfo:879 - No configuration file found for board NUCLEO-WBA52CG
2023-10-07 06:34:42,214 [INFO] DbBoards:156 - Board is not supported: NUCLEO-WBA52CG
2023-10-07 06:34:42,221 [INFO] BoardInfo:879 - No configuration file found for board P-NUCLEO-WB55
2023-10-07 06:34:42,221 [INFO] DbBoards:156 - Kit is not supported: P-NUCLEO-WB55
2023-10-07 06:34:42,230 [INFO] BoardInfo:879 - No configuration file found for board STEVAL-BFA001V1B
2023-10-07 06:34:42,231 [INFO] DbBoards:156 - Kit is not supported: STEVAL-BFA001V1B
2023-10-07 06:34:42,233 [INFO] BoardInfo:879 - No configuration file found for board STEVAL-BFA001V2B
2023-10-07 06:34:42,233 [INFO] DbBoards:156 - Kit is not supported: STEVAL-BFA001V2B
2023-10-07 06:34:42,242 [INFO] BoardInfo:879 - No configuration file found for board STEVAL-SMARTAG2
2023-10-07 06:34:42,242 [INFO] DbBoards:156 - Board is not supported: STEVAL-SMARTAG2
2023-10-07 06:34:42,327 [INFO] BoardInfo:879 - No configuration file found for board STM32H573I-DK
2023-10-07 06:34:42,327 [INFO] DbBoards:156 - Board is not supported: STM32H573I-DK
2023-10-07 06:34:42,406 [INFO] BoardInfo:879 - No configuration file found for board STM32U5A9J-DK
2023-10-07 06:34:42,406 [INFO] DbBoards:156 - Board is not supported: STM32U5A9J-DK
2023-10-07 06:34:42,410 [INFO] DbBoards:160 - Found 187 boards, 176 are supported
2023-10-07 06:34:42,420 [INFO] ApiDb:422 - Load user favorites file C:\Users\harpr/.stm32cubeide/favorites.boards.txt: 1 item(s)
2023-10-07 06:34:42,420 [INFO] ApiDb:426 - User favorites Boards=[STM32F411E-DISCO]
2023-10-07 06:34:42,421 [INFO] DbBoards:189 - Set 1 / 1 favorites Boards
2023-10-07 06:34:47,499 [INFO] MultiScanPanel:196 - Auto-refresh data requested => check proxy status ongoing
2023-10-07 06:34:47,609 [INFO] LoadUrlFilesThread:179 - End of LoadServerUrlFiles without Thread
2023-10-07 06:34:47,610 [INFO] DetailPanel:339 - Set advertising image to C:/Users/harpr/STM32Cube/Repository/\en.prom-stm32h5-mcu-finder.jpg
2023-10-07 06:34:47,620 [INFO] DbBoards:633 - Loading board mini-images...
2023-10-07 06:34:50,239 [INFO] DbBoards:656 - Loaded 187 board mini-images
2023-10-07 06:35:27,169 [INFO] MainUpdater:2800 - connection check result : 10
2023-10-07 06:35:27,170 [INFO] MainUpdater:2800 - connection check result : 10
2023-10-07 06:35:27,206 [INFO] MicroXplorer:451 - Change Database Path : 
2023-10-07 06:35:27,207 [INFO] MicroXplorer:481 - Change Database Version : DB.6.0.70
2023-10-07 06:35:27,208 [WARN] ThirdParty:845 - waiting for thirdparty lock release [close project]
2023-10-07 06:35:27,208 [INFO] ThirdParty:847 - entering critical section [close project]
2023-10-07 06:35:27,209 [INFO] ThirdParty:857 - exiting critical section [close project]
2023-10-07 06:35:27,215 [INFO] PinOutPanel:1477 - setPackage(No Configuration,No Configuration)
2023-10-07 06:35:27,223 [INFO] UtilMem:74 - Begin LoadConfig() Used Memory: 477140816 Bytes (507510784)
2023-10-07 06:35:27,230 [INFO] OpenFileManager:307 - Change cursor
2023-10-07 06:35:27,276 [INFO] ProjectFactory:399 - No CPN specified for board NUCLEO-F446RE => set CPN to STM32F446RET6
2023-10-07 06:35:27,277 [INFO] Mcu:1925 - Initializing MCU STM32F446R(C-E)Tx STM32F446RETx STM32F446RET6
2023-10-07 06:35:29,229 [INFO] Context:654 - Trying to add GPIOservice into a context  which must be forbidden
2023-10-07 06:35:29,938 [INFO] Rule:225 - rule 117617 - U5Cobra4M][GTZC] default value MPCBB3 and MPCBB5 - Not Secured memory - MPCBB1 is applicable
2023-10-07 06:35:29,938 [INFO] Rule:225 - rule 117617 - U5Cobra4M][GTZC] default value MPCBB3 and MPCBB5 - Not Secured memory - MPCBB1 is applicable
2023-10-07 06:35:29,938 [INFO] Rule:225 - rule 117617 - U5Cobra4M][GTZC] default value MPCBB3 and MPCBB5 - Not Secured memory - MPCBB2 is applicable
2023-10-07 06:35:29,938 [INFO] Rule:225 - rule 117617 - U5Cobra4M][GTZC] default value MPCBB3 and MPCBB5 - Not Secured memory - MPCBB2 is applicable
2023-10-07 06:35:29,939 [INFO] Rule:225 - rule 117617 - U5Cobra4M][GTZC] default value MPCBB3 and MPCBB5 - Not Secured memory - MPCBB3 is applicable
2023-10-07 06:35:29,939 [INFO] Rule:225 - rule 117617 - U5Cobra4M][GTZC] default value MPCBB3 and MPCBB5 - Not Secured memory - MPCBB3 is applicable
2023-10-07 06:35:29,939 [INFO] Rule:225 - rule 117617 - U5Cobra4M][GTZC] default value MPCBB3 and MPCBB5 - Not Secured memory - MPCBB4 is applicable
2023-10-07 06:35:29,939 [INFO] Rule:225 - rule 117617 - U5Cobra4M][GTZC] default value MPCBB3 and MPCBB5 - Not Secured memory - MPCBB4 is applicable
2023-10-07 06:35:29,939 [INFO] Rule:225 - rule 117617 - U5Cobra4M][GTZC] default value MPCBB3 and MPCBB5 - Secured memory - MPCBB1 is applicable
2023-10-07 06:35:29,939 [INFO] Rule:225 - rule 117617 - U5Cobra4M][GTZC] default value MPCBB3 and MPCBB5 - Secured memory - MPCBB2 is applicable
2023-10-07 06:35:29,939 [INFO] Rule:225 - rule 117617 - U5Cobra4M][GTZC] default value MPCBB3 and MPCBB5 - Secured memory - MPCBB3 is applicable
2023-10-07 06:35:29,939 [INFO] Rule:225 - rule 117617 - U5Cobra4M][GTZC] default value MPCBB3 and MPCBB5 - Secured memory - MPCBB4 is applicable
2023-10-07 06:35:29,939 [INFO] Rule:225 - rule 117617 - U5Cobra4M][GTZC] default value MPCBB3 and MPCBB5 - Privileged memory - MPCBB1 is applicable
2023-10-07 06:35:29,939 [INFO] Rule:225 - rule 117617 - U5Cobra4M][GTZC] default value MPCBB3 and MPCBB5 - Privileged memory - MPCBB2 is applicable
2023-10-07 06:35:29,939 [INFO] Rule:225 - rule 117617 - U5Cobra4M][GTZC] default value MPCBB3 and MPCBB5 - Privileged memory - MPCBB3 is applicable
2023-10-07 06:35:29,939 [INFO] Rule:225 - rule 117617 - U5Cobra4M][GTZC] default value MPCBB3 and MPCBB5 - Privileged memory - MPCBB4 is applicable
2023-10-07 06:35:29,939 [INFO] Rule:225 - rule 117617 - U5Cobra4M][GTZC] default value MPCBB3 and MPCBB5 - Not Privileged memory - MPCBB1 is applicable
2023-10-07 06:35:29,939 [INFO] Rule:225 - rule 117617 - U5Cobra4M][GTZC] default value MPCBB3 and MPCBB5 - Not Privileged memory - MPCBB2 is applicable
2023-10-07 06:35:29,939 [INFO] Rule:225 - rule 117617 - U5Cobra4M][GTZC] default value MPCBB3 and MPCBB5 - Not Privileged memory - MPCBB3 is applicable
2023-10-07 06:35:29,939 [INFO] Rule:225 - rule 117617 - U5Cobra4M][GTZC] default value MPCBB3 and MPCBB5 - Not Privileged memory - MPCBB4 is applicable
2023-10-07 06:35:29,939 [INFO] Rule:225 - rule 117617 - U5Cobra4M][GTZC] default value MPCBB3 and MPCBB5 - Privileged memory - MPCBB1 is applicable
2023-10-07 06:35:29,939 [INFO] Rule:225 - rule 117617 - U5Cobra4M][GTZC] default value MPCBB3 and MPCBB5 - Privileged memory - MPCBB2 is applicable
2023-10-07 06:35:29,939 [INFO] Rule:225 - rule 117617 - U5Cobra4M][GTZC] default value MPCBB3 and MPCBB5 - Privileged memory - MPCBB3 is applicable
2023-10-07 06:35:29,939 [INFO] Rule:225 - rule 117617 - U5Cobra4M][GTZC] default value MPCBB3 and MPCBB5 - Privileged memory - MPCBB4 is applicable
2023-10-07 06:35:29,939 [INFO] Rule:225 - rule 117617 - U5Cobra4M][GTZC] default value MPCBB3 and MPCBB5 - Privileged memory - MPCBB1 is applicable
2023-10-07 06:35:29,939 [INFO] Rule:225 - rule 117617 - U5Cobra4M][GTZC] default value MPCBB3 and MPCBB5 - Privileged memory - MPCBB2 is applicable
2023-10-07 06:35:29,939 [INFO] Rule:225 - rule 117617 - U5Cobra4M][GTZC] default value MPCBB3 and MPCBB5 - Privileged memory - MPCBB3 is applicable
2023-10-07 06:35:29,940 [INFO] Rule:225 - rule 117617 - U5Cobra4M][GTZC] default value MPCBB3 and MPCBB5 - Privileged memory - MPCBB4 is applicable
2023-10-07 06:35:29,940 [INFO] Rule:225 - rule 117617 - U5Cobra4M][GTZC] default value MPCBB3 and MPCBB5 - Not Privileged memory - MPCBB1 is applicable
2023-10-07 06:35:29,940 [INFO] Rule:225 - rule 117617 - U5Cobra4M][GTZC] default value MPCBB3 and MPCBB5 - Not Privileged memory - MPCBB2 is applicable
2023-10-07 06:35:29,940 [INFO] Rule:225 - rule 117617 - U5Cobra4M][GTZC] default value MPCBB3 and MPCBB5 - Not Privileged memory - MPCBB3 is applicable
2023-10-07 06:35:29,940 [INFO] Rule:225 - rule 117617 - U5Cobra4M][GTZC] default value MPCBB3 and MPCBB5 - Not Privileged memory - MPCBB4 is applicable
2023-10-07 06:35:29,940 [INFO] Rule:225 - rule 117617 - U5Cobra4M][GTZC] default value MPCBB3 and MPCBB5 - Privileged memory - MPCBB1 is applicable
2023-10-07 06:35:29,940 [INFO] Rule:225 - rule 117617 - U5Cobra4M][GTZC] default value MPCBB3 and MPCBB5 - Privileged memory - MPCBB2 is applicable
2023-10-07 06:35:29,940 [INFO] Rule:225 - rule 117617 - U5Cobra4M][GTZC] default value MPCBB3 and MPCBB5 - Privileged memory - MPCBB3 is applicable
2023-10-07 06:35:29,940 [INFO] Rule:225 - rule 117617 - U5Cobra4M][GTZC] default value MPCBB3 and MPCBB5 - Privileged memory - MPCBB4 is applicable
2023-10-07 06:35:29,940 [INFO] Rule:225 - rule Rename SubGHz_Phy SUBGHZ_APPLICATION SUBGHZ_PINGPONG to SUBGHZ_ADV_APPLICATION is applicable
2023-10-07 06:35:29,940 [INFO] Rule:225 - rule Rename Enabled to IBEACON is applicable
2023-10-07 06:35:29,940 [INFO] Rule:225 - rule GTZC_S instance for project manager is applicable
2023-10-07 06:35:29,940 [INFO] Rule:225 - rule GTZC_S instance for context M33S is applicable
2023-10-07 06:35:29,940 [INFO] Rule:225 - rule GTZC_S instance value for IP GTZC is applicable
2023-10-07 06:35:29,941 [INFO] Rule:225 - rule GTZC_S instance for mcu.IP is applicable
2023-10-07 06:35:29,941 [INFO] Rule:225 - rule GTZC_S instance for VP is applicable
2023-10-07 06:35:29,941 [INFO] Rule:225 - rule GTZC_S instance for signal is applicable
2023-10-07 06:35:29,941 [INFO] Rule:225 - rule GTZC_S instance for mcu.Pin is applicable
2023-10-07 06:35:29,941 [INFO] Rule:225 - rule GTZC_S instance for VP is applicable
2023-10-07 06:35:29,941 [INFO] Rule:225 - rule GTZC_S instance for signal is applicable
2023-10-07 06:35:29,941 [INFO] Rule:225 - rule GTZC_S instance for mcu is applicable
2023-10-07 06:35:29,941 [INFO] Rule:225 - rule GTZC_S instance for mcu.Pin is applicable
2023-10-07 06:35:29,941 [INFO] Rule:225 - rule GTZC_S instance value for IP GTZC is applicable
2023-10-07 06:35:29,941 [INFO] Rule:225 - rule GTZC_S instance for project manager is applicable
2023-10-07 06:35:29,941 [INFO] Rule:225 - rule GTZC_S instance for context M33S is applicable
2023-10-07 06:35:29,941 [INFO] Rule:225 - rule GTZC_S instance for VP is applicable
2023-10-07 06:35:29,941 [INFO] Rule:225 - rule GTZC_S instance for signal is applicable
2023-10-07 06:35:29,941 [INFO] Rule:225 - rule SPDIFRX instance for mcu is applicable
2023-10-07 06:35:29,941 [INFO] Rule:225 - rule Rename Tracer Mode is applicable
2023-10-07 06:35:29,941 [INFO] Rule:225 - rule SPDIFRX instance value for IP SPDIFRX is applicable
2023-10-07 06:35:29,941 [INFO] Rule:225 - rule SPDIFRX instance for signal is applicable
2023-10-07 06:35:29,941 [INFO] Rule:225 - rule SPDIFRX instance for project manager is applicable
2023-10-07 06:35:29,941 [INFO] Rule:225 - rule SPDIFRX instance for project manager is applicable
2023-10-07 06:35:29,941 [INFO] Rule:225 - rule ADC Scan  fix with FW F7 is applicable
2023-10-07 06:35:29,941 [INFO] Rule:225 - rule ADC Scan  fix with FW F7 is applicable
2023-10-07 06:35:29,941 [INFO] Rule:225 - rule DFSDM instance value for IP DFSDM is applicable
2023-10-07 06:35:29,941 [INFO] Rule:225 - rule DFSDM instance for mcu is applicable
2023-10-07 06:35:29,942 [INFO] Rule:225 - rule DFSDM instance for VP is applicable
2023-10-07 06:35:29,942 [INFO] Rule:225 - rule DFSDM instance for signal is applicable
2023-10-07 06:35:29,942 [INFO] Rule:225 - rule DFSDM instance for shared is applicable
2023-10-07 06:35:29,942 [INFO] Rule:225 - rule BreakInputSource parameter for IP Timer is applicable
2023-10-07 06:35:29,942 [INFO] Rule:225 - rule Sourcebreak parameter for IP Timer is applicable
2023-10-07 06:35:29,942 [INFO] Rule:225 - rule Sourcebreak parameter for IP Timer is applicable
2023-10-07 06:35:29,942 [INFO] Rule:225 - rule DFSDM for PCC is applicable
2023-10-07 06:35:29,942 [INFO] Rule:225 - rule Serial_Wire Mode is applicable
2023-10-07 06:35:29,942 [INFO] Rule:225 - rule JTAG_4_pins Mode is applicable
2023-10-07 06:35:29,942 [INFO] Rule:225 - rule JTAG_5_pins Mode is applicable
2023-10-07 06:35:29,942 [INFO] Rule:225 - rule Trace_Asynchronous_SW Mode is applicable
2023-10-07 06:35:29,942 [INFO] Rule:225 - rule Trace_Synchro_1bit_JTAG Mode is applicable
2023-10-07 06:35:29,942 [INFO] Rule:225 - rule Trace_Synchro_2bits_JTAG Mode is applicable
2023-10-07 06:35:29,942 [INFO] Rule:225 - rule Trace_Synchro_4bits_JTAG Mode is applicable
2023-10-07 06:35:29,943 [INFO] Rule:225 - rule Trace_Synchro_1bit_SW Mode is applicable
2023-10-07 06:35:29,943 [INFO] Rule:225 - rule Trace_Synchro_2bits_SW Mode is applicable
2023-10-07 06:35:29,943 [INFO] Rule:225 - rule Trace_Synchro_4bits_SW Mode is applicable
2023-10-07 06:35:29,943 [INFO] Rule:225 - rule SYS_WakeUp0 Mode is applicable
2023-10-07 06:35:29,943 [INFO] Rule:225 - rule SYS_WakeUp0 Mode for STM32F446 is applicable
2023-10-07 06:35:29,943 [INFO] Rule:225 - rule SYS_WakeUp1 Mode is applicable
2023-10-07 06:35:29,943 [INFO] Rule:225 - rule SYS_WakeUp1 Mode for STM32F446 is applicable
2023-10-07 06:35:29,943 [INFO] Rule:225 - rule SYS_WakeUp2 Mode is applicable
2023-10-07 06:35:29,943 [INFO] Rule:225 - rule SYS_WakeUp3 Mode is applicable
2023-10-07 06:35:29,943 [INFO] Rule:225 - rule SYS_WakeUp4 Mode is applicable
2023-10-07 06:35:29,943 [INFO] Rule:225 - rule SYS_WakeUp5 Mode is applicable
2023-10-07 06:35:29,943 [INFO] Rule:225 - rule SYS_WakeUp6 Mode is applicable
2023-10-07 06:35:29,944 [INFO] Rule:225 - rule SYS_WakeUp7 Mode is applicable
2023-10-07 06:35:29,944 [INFO] Rule:225 - rule Mode_PVD_Ext is applicable
2023-10-07 06:35:29,944 [INFO] Rule:225 - rule Mode_PVD_Int is applicable
2023-10-07 06:35:29,944 [INFO] Rule:225 - rule Add RTC Activate Clock Source is applicable
2023-10-07 06:35:29,944 [INFO] Rule:225 - rule Add RTC Activate Calendar 1 is applicable
2023-10-07 06:35:29,944 [INFO] Rule:225 - rule Add RTC Activate Calendar 2 is applicable
2023-10-07 06:35:29,944 [INFO] Rule:225 - rule Add RTC Activate Calendar 3 is applicable
2023-10-07 06:35:29,944 [INFO] Rule:225 - rule UART/USART TX Mode is applicable
2023-10-07 06:35:29,944 [INFO] Rule:225 - rule UART/USART RX Mode is applicable
2023-10-07 06:35:29,944 [INFO] Rule:225 - rule UART/USART RX TX Mode is applicable
2023-10-07 06:35:29,944 [INFO] Rule:225 - rule UART/USART PARITY NONE is applicable
2023-10-07 06:35:29,944 [INFO] Rule:225 - rule UART/USART PARITY EVEN is applicable
2023-10-07 06:35:29,944 [INFO] Rule:225 - rule UART/USART PARITY ODD is applicable
2023-10-07 06:35:29,944 [INFO] Rule:225 - rule USART StopBits 1 is applicable
2023-10-07 06:35:29,944 [INFO] Rule:225 - rule USART StopBits 2 is applicable
2023-10-07 06:35:29,944 [INFO] Rule:225 - rule USART StopBits 1.5 is applicable
2023-10-07 06:35:29,944 [INFO] Rule:225 - rule USART StopBits 0.5 is applicable
2023-10-07 06:35:29,944 [INFO] Rule:225 - rule UART/USART WORD LENGTH 7 is applicable
2023-10-07 06:35:29,944 [INFO] Rule:225 - rule UART/USART WORD LENGTH 8 is applicable
2023-10-07 06:35:29,944 [INFO] Rule:225 - rule UART/USART WORD LENGTH 9 is applicable
2023-10-07 06:35:29,945 [INFO] Rule:225 - rule Rename FMC NAND NCE signal is applicable
2023-10-07 06:35:29,945 [INFO] Rule:225 - rule Rename FMC NAND INT signal is applicable
2023-10-07 06:35:29,945 [INFO] Rule:225 - rule Change Default Value for LSE Drive Capability for WB family is applicable
2023-10-07 06:35:29,945 [INFO] Rule:225 - rule Change Default Value for ADC Clock Prescaler G0 family is applicable
2023-10-07 06:35:29,945 [INFO] Rule:225 - rule Change Default Value for ADC ExternalTrigConv L4 family is applicable
2023-10-07 06:35:29,945 [INFO] Rule:225 - rule Change Default Value for ADC ExternalTrigInjecConv L4 family is applicable
2023-10-07 06:35:29,945 [INFO] Rule:225 - rule Change Default Value for ADC ExternalTrigConv F3 family is applicable
2023-10-07 06:35:29,945 [INFO] Rule:225 - rule Change Default Value for ADC ExternalTrigInjecConv F3 family is applicable
2023-10-07 06:35:29,945 [INFO] Rule:225 - rule Change Default Value for ADC ExternalTrigConv Goldfish serie is applicable
2023-10-07 06:35:29,945 [INFO] Rule:225 - rule Change Default Value for ADC ExternalTrigInjecConv Goldfish serie is applicable
2023-10-07 06:35:29,945 [INFO] Rule:225 - rule Change Default Value for ADC ExternalTrigConv L0 family is applicable
2023-10-07 06:35:29,945 [INFO] Rule:225 - rule Change Default Value for ADC ExternalTrigConv F0 family is applicable
2023-10-07 06:35:29,945 [INFO] Rule:225 - rule Change Default Value for ADC ExternalTrigConvn L1 family is applicable
2023-10-07 06:35:29,945 [INFO] Rule:225 - rule Change Default Value for ADC ExternalTrigInjecConv L1 family is applicable
2023-10-07 06:35:29,946 [INFO] Rule:225 - rule Change Default Value for ADC ExternalTrigConv F1 family is applicable
2023-10-07 06:35:29,946 [INFO] Rule:225 - rule Change Default Value for ADC ExternalTrigInjecConv F1 family is applicable
2023-10-07 06:35:29,946 [INFO] Rule:225 - rule Change Default Value for ADC ExternalTrigConv F7 family is applicable
2023-10-07 06:35:29,946 [INFO] Rule:225 - rule Change Default Value for ADC ExternalTrigInjecConv F7 family is applicable
2023-10-07 06:35:29,946 [INFO] Rule:225 - rule Change Default Value for ADC ExternalTrigConv F4 and F2 family is applicable
2023-10-07 06:35:29,946 [INFO] Rule:225 - rule Change Default Value for ADC ExternalTrigInjecConv F4 and F2 family is applicable
2023-10-07 06:35:29,946 [INFO] Rule:225 - rule ADC SamplingTime fix with FW L0  is applicable
2023-10-07 06:35:29,946 [INFO] Rule:225 - rule ADC SamplingTime fix with FW L0  is applicable
2023-10-07 06:35:29,946 [INFO] Rule:225 - rule ADC SamplingTime fix with FW L0 is applicable
2023-10-07 06:35:29,946 [INFO] Rule:225 - rule ADC SamplingTime fix with FW L0 is applicable
2023-10-07 06:35:29,946 [INFO] Rule:225 - rule ADC SamplingTime fix with FW L0  is applicable
2023-10-07 06:35:29,946 [INFO] Rule:225 - rule ADC SamplingTime fix with FW L0 is applicable
2023-10-07 06:35:29,946 [INFO] Rule:225 - rule Rename USB_OE Signal is applicable
2023-10-07 06:35:29,946 [INFO] Rule:225 - rule Rename Activate_OE Mode is applicable
2023-10-07 06:35:29,946 [INFO] Rule:225 - rule Rename DIE462/DIE415 pin PC14/OSC32_IN -> PC14-OSC32_IN (PC14) is applicable
2023-10-07 06:35:29,946 [INFO] Rule:225 - rule Rename DIE462/DIE415 pin PC15/OSC32_OUT -> PC15-OSC32_OUT (PC15) is applicable
2023-10-07 06:35:29,946 [INFO] Rule:225 - rule Rename DIE462/DIE415 pin PH0/OSC_IN -> PH0-OSC_IN (PH0) is applicable
2023-10-07 06:35:29,946 [INFO] Rule:225 - rule Rename DIE462/DIE415 pin PH1/OSC_OUT -> PH1-OSC_OUT (PH1) is applicable
2023-10-07 06:35:29,946 [INFO] Rule:225 - rule Rename DIE462 pin PA13 -> PA13 (JTMS/SWDIO) is applicable
2023-10-07 06:35:29,946 [INFO] Rule:225 - rule Rename DIE415 pin PA13 -> PA13 (JTMS/SWDIO) is applicable
2023-10-07 06:35:29,946 [INFO] Rule:225 - rule Rename DIE462 pin PA14 -> PA14 (JTCK/SWCLK) is applicable
2023-10-07 06:35:29,947 [INFO] Rule:225 - rule Rename DIE415 pin PA14 -> PA14 (JTCK/SWCLK) is applicable
2023-10-07 06:35:29,947 [INFO] Rule:225 - rule Rename DIE462/DIE415 pin PA15 -> PA15 (JTDI) is applicable
2023-10-07 06:35:29,947 [INFO] Rule:225 - rule Rename DIE462 pin PB3 -> PB3 (JTD0/TRACESWO) is applicable
2023-10-07 06:35:29,947 [INFO] Rule:225 - rule Rename DIE415 pin PB3 -> PB3 (JTD0-TRACESWO) is applicable
2023-10-07 06:35:29,947 [INFO] Rule:225 - rule Rename DIE462/DIE415 pin PB4 -> PB4 (NJTRST) is applicable
2023-10-07 06:35:29,947 [INFO] Rule:225 - rule Rename DIE462 pin PH3/BOOT0 -> PH3-BOOT0 (BOOT0) is applicable
2023-10-07 06:35:29,947 [INFO] Rule:225 - rule Rename CRYP DataEncryptionTypesList to Algorithm is applicable
2023-10-07 06:35:29,947 [INFO] Rule:225 - rule Rename AES DataEncryptionTypesList to Algorithm is applicable
2023-10-07 06:35:29,947 [INFO] Rule:225 - rule Rename TDESECB to CRYP_TDES_ECB is applicable
2023-10-07 06:35:29,947 [INFO] Rule:225 - rule Rename TDESCBC to CRYP_TDES_CBC is applicable
2023-10-07 06:35:29,947 [INFO] Rule:225 - rule Rename DESECB to CRYP_DES_ECB is applicable
2023-10-07 06:35:29,947 [INFO] Rule:225 - rule Rename DESCBC to CRYP_DES_CBC is applicable
2023-10-07 06:35:29,947 [INFO] Rule:225 - rule Rename AESECB to CRYP_AES_ECB is applicable
2023-10-07 06:35:29,947 [INFO] Rule:225 - rule Rename AESCBC to CRYP_AES_CBC is applicable
2023-10-07 06:35:29,948 [INFO] Rule:225 - rule Rename AESCTR to CRYP_AES_CTR is applicable
2023-10-07 06:35:29,948 [INFO] Rule:225 - rule Rename AESGCM to CRYP_AES_GCM is applicable
2023-10-07 06:35:29,948 [INFO] Rule:225 - rule Rename AESCCM to CRYP_AES_CCM is applicable
2023-10-07 06:35:29,948 [INFO] Rule:225 - rule Rename CAN TimeSeg1 to BS1 is applicable
2023-10-07 06:35:29,948 [INFO] Rule:225 - rule Rename CAN TimeSeg2 to BS2 is applicable
2023-10-07 06:35:29,948 [INFO] Rule:225 - rule Rename CAN SyncJumpWidth to SJW is applicable
2023-10-07 06:35:29,948 [INFO] Rule:225 - rule TimeTriggeredMode to TTCM is applicable
2023-10-07 06:35:29,948 [INFO] Rule:225 - rule Rename CAN AutoBusOff to ABOM is applicable
2023-10-07 06:35:29,948 [INFO] Rule:225 - rule Rename CAN AutoWakeUp to AWUM is applicable
2023-10-07 06:35:29,948 [INFO] Rule:225 - rule Rename CAN AutoRetransmission to NART is applicable
2023-10-07 06:35:29,948 [INFO] Rule:225 - rule Rename CAN ReceiveFifoLocked to RFLM is applicable
2023-10-07 06:35:29,948 [INFO] Rule:225 - rule Rename CAN TransmitFifoPriority to TXFP is applicable
2023-10-07 06:35:29,948 [INFO] Rule:225 - rule Rename HRTIMER HRTIM_OUTPUTFAULTLEVEL_HIGH in HRTIMER HRTIM_OUTPUTFAULTLEVEL_HIGHZ is applicable
2023-10-07 06:35:29,948 [INFO] Rule:225 - rule Rename TIMER TIM_CLEARINPUTSOURCE_OCREFCLR in  TIMER TIM_CLEARINPUTSOURCE_NONE for F7 family is applicable
2023-10-07 06:35:29,948 [INFO] Rule:225 - rule FDCAN_R1 - Rename FDCAN mode Master into Classic is applicable
2023-10-07 06:35:29,948 [INFO] Rule:225 - rule FDCAN_R2 - Rename FDCAN mode Slave into Classic is applicable
2023-10-07 06:35:29,948 [INFO] Rule:225 - rule FDCAN1_R3 - if PA10.Mode=FullDuplex, add Pin PA12 is applicable
2023-10-07 06:35:29,948 [INFO] Rule:225 - rule FDCAN1_R3 - if PA9.Mode=FullDuplex, add Pin PA11 is applicable
2023-10-07 06:35:29,949 [INFO] Rule:225 - rule FDCAN1_R3 - Alternatepin_1 - if PE1.Mode=FullDuplex, add Pin PB9 is applicable
2023-10-07 06:35:29,949 [INFO] Rule:225 - rule FDCAN1_R3 - Alternatepin_1 - if PE0.Mode=FullDuplex, add Pin PB8 is applicable
2023-10-07 06:35:29,949 [INFO] Rule:225 - rule FDCAN1_R3 - Alternatepin_2 - if PD5.Mode=FullDuplex, add Pin PD1 is applicable
2023-10-07 06:35:29,949 [INFO] Rule:225 - rule FDCAN1_R3 - Alternatepin_2 - if PD4.Mode=FullDuplex, add Pin PD0 is applicable
2023-10-07 06:35:29,949 [INFO] Rule:225 - rule FDCAN1_R4 - Rename Mode FullDuplex into Enable FDCAN_TXFD for pin PA10 is applicable
2023-10-07 06:35:29,949 [INFO] Rule:225 - rule FDCAN1_R4 - Rename Mode FullDuplex into Enable FDCAN_TXFD for pin PA9 is applicable
2023-10-07 06:35:29,949 [INFO] Rule:225 - rule FDCAN1_R4 - Alternatepin_1 - Rename Mode FullDuplex into Enable FDCAN_TXFD for pin PE1 is applicable
2023-10-07 06:35:29,949 [INFO] Rule:225 - rule FDCAN1_R4 - Alternatepin_1 - Rename Mode FullDuplex into Enable FDCAN_TXFD for pin PE0 is applicable
2023-10-07 06:35:29,949 [INFO] Rule:225 - rule FDCAN1_R4 - Alternatepin_2 - Rename Mode FullDuplex into Enable FDCAN_TXFD for pin PD5 is applicable
2023-10-07 06:35:29,949 [INFO] Rule:225 - rule FDCAN1_R4 - Alternatepin_2 - Rename Mode FullDuplex into Enable FDCAN_TXFD for pin PD4 is applicable
2023-10-07 06:35:29,949 [INFO] Rule:225 - rule FDCAN2_R3 - if PD10.Mode=FullDuplex, add Pin PB13 is applicable
2023-10-07 06:35:29,949 [INFO] Rule:225 - rule FDCAN2_R3 - if PD9.Mode=FullDuplex, add Pin PB12 is applicable
2023-10-07 06:35:29,949 [INFO] Rule:225 - rule FDCAN2_R3 - Alternatepin_1 - if PB7.Mode=FullDuplex, add Pin PB6 is applicable
2023-10-07 06:35:29,949 [INFO] Rule:225 - rule FDCAN2_R3 - Alternatepin_1 - if PD9.Mode=FullDuplex, add Pin PB12 is applicable
2023-10-07 06:35:29,949 [INFO] Rule:225 - rule FDCAN2_R4 - Rename Mode FullDuplex into Enable FDCAN_TXFD for pin PD10 is applicable
2023-10-07 06:35:29,949 [INFO] Rule:225 - rule FDCAN2_R4 - Rename Mode FullDuplex into Enable FDCAN_TXFD for pin PD9 is applicable
2023-10-07 06:35:29,949 [INFO] Rule:225 - rule FDCAN2_R4 - Alternatepin_1 - Rename Mode FullDuplex into Enable FDCAN_TXFD for pin PB7 is applicable
2023-10-07 06:35:29,949 [INFO] Rule:225 - rule FDCAN2_R4 - Alternatepin_1 - Rename Mode FullDuplex into Enable FDCAN_TXFD for pin PD6 is applicable
2023-10-07 06:35:29,949 [INFO] Rule:225 - rule USART TxPinLevelInvertParam Mode is applicable
2023-10-07 06:35:29,950 [INFO] Rule:225 - rule USART RxPinLevelInvertParam Mode is applicable
2023-10-07 06:35:29,950 [INFO] Rule:225 - rule USART DataInvertParam Mode is applicable
2023-10-07 06:35:29,950 [INFO] Rule:225 - rule USART SwapParam Mode is applicable
2023-10-07 06:35:29,950 [INFO] Rule:225 - rule USART OverrunDisableParam Mode is applicable
2023-10-07 06:35:29,950 [INFO] Rule:225 - rule USART DMADisableonRxErrorParam Mode is applicable
2023-10-07 06:35:29,950 [INFO] Rule:225 - rule USART MSBFirstParam Mode is applicable
2023-10-07 06:35:29,950 [INFO] Rule:225 - rule Update MwName for USB_DEVICE is applicable
2023-10-07 06:35:29,950 [INFO] Rule:225 - rule Change PWR_Regulator_Voltage_Scale Default Value for RCC  H7 family is applicable
2023-10-07 06:35:29,950 [INFO] Rule:225 - rule UART/USART IPParameter rename Prescaler parameter to ClockPrescaler is applicable
2023-10-07 06:35:29,950 [INFO] Rule:225 - rule UART/USART Prescaler rename Prescaler parameter to ClockPrescaler is applicable
2023-10-07 06:35:29,950 [INFO] Rule:225 - rule TIM1CLockSelection is applicable
2023-10-07 06:35:29,950 [INFO] Rule:225 - rule TIM15CLockSelection is applicable
2023-10-07 06:35:29,950 [INFO] Rule:225 - rule align RCC SDMMC3CLockSelection default value on MP1 is applicable
2023-10-07 06:35:29,950 [INFO] Rule:225 - rule align RCC SDMMC12CLockSelection default value on MP1 is applicable
2023-10-07 06:35:29,950 [INFO] Rule:225 - rule align RCC QSPICLockSelection default value on MP1 is applicable
2023-10-07 06:35:29,950 [INFO] Rule:225 - rule align RCC QSPICLockSelection default value on MP1 is applicable
2023-10-07 06:35:29,951 [INFO] Rule:225 - rule align RCC SPI6CLockSelection default value on MP1 is applicable
2023-10-07 06:35:29,951 [INFO] Rule:225 - rule align RCC LPTIM23CLockSelection default value on MP1 is applicable
2023-10-07 06:35:29,951 [INFO] Rule:225 - rule align RCC LPTIM1CLockSelection default value on MP1 is applicable
2023-10-07 06:35:29,951 [INFO] Rule:225 - rule align RCC USART1CLockSelection default value on MP1 is applicable
2023-10-07 06:35:29,951 [INFO] Rule:225 - rule align RCC USART24CLockSelection default value on MP1 is applicable
2023-10-07 06:35:29,951 [INFO] Rule:225 - rule align RCC USART6CLockSelection default value on MP1 is applicable
2023-10-07 06:35:29,951 [INFO] Rule:225 - rule align RCC UART78CLockSelection default value on MP1 is applicable
2023-10-07 06:35:29,951 [INFO] Rule:225 - rule align RCC USART35CLockSelection default value on MP1 is applicable
2023-10-07 06:35:29,951 [INFO] Rule:225 - rule align RCC SPI45CLockSelection default value on MP1 is applicable
2023-10-07 06:35:29,951 [INFO] Rule:225 - rule align RCC I2C46CLockSelection BCLK value on MP1 is applicable
2023-10-07 06:35:29,951 [INFO] Rule:225 - rule align RCC SPI45CLockSelection default value on MP1 is applicable
2023-10-07 06:35:29,951 [INFO] Rule:225 - rule align RCC I2C12CLockSelection default value on MP1 is applicable
2023-10-07 06:35:29,951 [INFO] Rule:225 - rule align RCC I2C35CLockSelection default value on MP1 is applicable
2023-10-07 06:35:29,951 [INFO] Rule:225 - rule align RCC LPTIM45CLockSelection default value on MP1 is applicable
2023-10-07 06:35:29,951 [INFO] Rule:225 - rule Rename DCMI PIXCK signal is applicable
2023-10-07 06:35:29,951 [INFO] Rule:225 - rule Change Default Value for I2C46CLockSelection MP1 family is applicable
2023-10-07 06:35:29,952 [INFO] Rule:225 - rule Change Default Value for UART for G4, G0 and WB families is applicable
2023-10-07 06:35:29,952 [INFO] Rule:225 - rule Change Default Value for USART for G4, G0 and WB families is applicable
2023-10-07 06:35:29,952 [INFO] Rule:225 - rule Change Default Value for USART for G4 family is applicable
2023-10-07 06:35:29,952 [INFO] Rule:225 - rule Change USART1CLockSelection refparam name for MP1 is applicable
2023-10-07 06:35:29,952 [INFO] Rule:225 - rule Change USART2CLockSelection refparam name for MP1 is applicable
2023-10-07 06:35:29,952 [INFO] Rule:225 - rule Change USART3CLockSelection refparam name for MP1 is applicable
2023-10-07 06:35:29,952 [INFO] Rule:225 - rule Change UART4CLockSelection refparam name for MP1 is applicable
2023-10-07 06:35:29,952 [INFO] Rule:225 - rule Change UART5CLockSelection refparam name for MP1 is applicable
2023-10-07 06:35:29,952 [INFO] Rule:225 - rule Change LPUART1CLockSelection refparam name for MP1 is applicable
2023-10-07 06:35:29,952 [INFO] Rule:225 - rule Change LPTIM1CLockSelection refparam name for MP1 is applicable
2023-10-07 06:35:29,952 [INFO] Rule:225 - rule Change LPTIM2CLockSelection refparam name for MP1 is applicable
2023-10-07 06:35:29,952 [INFO] Rule:225 - rule Change RCC_MCO1Source refparam name for MP1 is applicable
2023-10-07 06:35:29,952 [INFO] Rule:225 - rule Change LSCOSource1 refparam name for MP1 is applicable
2023-10-07 06:35:29,952 [INFO] Rule:225 - rule Change SMPSCLockSelection refparam name for MP1 is applicable
2023-10-07 06:35:29,952 [INFO] Rule:225 - rule Change LPTIM3CLockSelection refparam name for MP1 is applicable
2023-10-07 06:35:29,952 [INFO] Rule:225 - rule Change MPCBB* Default Template Mode to Parameters is applicable
2023-10-07 06:35:29,952 [INFO] Rule:225 - rule Change MPCWM* or MPCBB* Secure Mode to Parameters is applicable
2023-10-07 06:35:29,952 [INFO] Rule:225 - rule Change MPCWM* or MPCBB* No Secure Mode to Parameters is applicable
2023-10-07 06:35:29,952 [INFO] Rule:225 - rule Change TZSC IP Secure Mode to Parameters is applicable
2023-10-07 06:35:29,953 [INFO] Rule:225 - rule Change TZSC IP No Secure Mode to Parameters is applicable
2023-10-07 06:35:29,953 [INFO] Rule:225 - rule Change TZSC IP Privilege Mode to Parameters is applicable
2023-10-07 06:35:29,953 [INFO] Rule:225 - rule Change TZSC IP No Privilege Mode to Parameters is applicable
2023-10-07 06:35:29,953 [INFO] Rule:225 - rule Change TZIC IT Secure Mode to Parameters is applicable
2023-10-07 06:35:29,953 [INFO] Rule:225 - rule Change TZIC IT No Secure Mode to Parameters is applicable
2023-10-07 06:35:29,953 [INFO] Rule:225 - rule Add MPCBB1_NonSecureArea_Start_Address value with referenced to MPCBB1_NonSecureArea_Start value is applicable
2023-10-07 06:35:29,953 [INFO] Rule:225 - rule Add MPCBB2_NonSecureArea_Start_Address value with referenced to MPCBB2_NonSecureArea_Start value is applicable
2023-10-07 06:35:29,953 [INFO] Rule:225 - rule Add MPCWM1_NonSecureArea*_Start_Address value with referenced to MPCWM1_NonSecureArea*_Start value is applicable
2023-10-07 06:35:29,953 [INFO] Rule:225 - rule Add MPCWM2_NonSecureArea*_Start_Address value with referenced to MPCWM2_NonSecureArea*_Start value is applicable
2023-10-07 06:35:29,953 [INFO] Rule:225 - rule Add MPCWM3_NonSecureArea_Start_Address value with referenced to MPCWM3_NonSecureArea_Start value is applicable
2023-10-07 06:35:29,953 [INFO] Rule:225 - rule Change Default Value for PLL1UserDefinedConfig is applicable
2023-10-07 06:35:29,953 [INFO] Rule:225 - rule Change GPIO_PuPd Default Value for USART in async mode is applicable
2023-10-07 06:35:29,953 [INFO] Rule:225 - rule Change SMPSDivider Default Value is applicable
2023-10-07 06:35:29,953 [INFO] Rule:225 - rule OPAMP is applicable
2023-10-07 06:35:29,953 [INFO] Rule:225 - rule LPUART IPParameter rename Prescaler parameter to ClockPrescaler for STM32H7 is applicable
2023-10-07 06:35:29,953 [INFO] Rule:225 - rule LPUART IPParameter rename Prescaler parameter to ClockPrescaler for STM32H7 is applicable
2023-10-07 06:35:29,953 [INFO] Rule:225 - rule LPUART IPParameter rename Prescaler parameter to ClockPrescaler for STM32WB is applicable
2023-10-07 06:35:29,953 [INFO] Rule:225 - rule LPUART IPParameter rename Prescaler parameter to ClockPrescaler for STM32WB is applicable
2023-10-07 06:35:29,953 [INFO] Rule:225 - rule LPUART IPParameter rename Prescaler parameter to ClockPrescaler for STM32G4 is applicable
2023-10-07 06:35:29,953 [INFO] Rule:225 - rule LPUART IPParameter rename Prescaler parameter to ClockPrescaler for STM32G4 is applicable
2023-10-07 06:35:29,953 [INFO] Rule:225 - rule LPUART IPParameter rename Prescaler parameter to ClockPrescaler for STM32L5 is applicable
2023-10-07 06:35:29,953 [INFO] Rule:225 - rule LPUART IPParameter rename Prescaler parameter to ClockPrescaler for STM32L5 is applicable
2023-10-07 06:35:29,954 [INFO] Rule:225 - rule LPUART IPParameter rename Prescaler parameter to ClockPrescaler for STM32G4 is applicable
2023-10-07 06:35:29,954 [INFO] Rule:225 - rule LPUART IPParameter rename Prescaler parameter to ClockPrescaler for STM32G4 is applicable
2023-10-07 06:35:29,954 [INFO] Rule:225 - rule USB device lib V2.5.3 for L0 rename USBD_SUPPORT_USER_STRING parameter to USBD_SUPPORT_USER_STRING_DESC4 is applicable
2023-10-07 06:35:29,954 [INFO] Rule:225 - rule I2SCLockSelection clock entry align is applicable
2023-10-07 06:35:29,954 [INFO] Rule:225 - rule Assign TIMx context if used as SYS timebase is applicable
2023-10-07 06:35:29,954 [INFO] Rule:225 - rule Change GPIO_Pu Default Value for I2C is applicable
2023-10-07 06:35:29,954 [INFO] Rule:225 - rule Change GPIO_Pu Default Value for SMBus is applicable
2023-10-07 06:35:29,954 [INFO] Rule:225 - rule change FDCAN default value is applicable
2023-10-07 06:35:29,954 [INFO] Rule:225 - rule Change mode sai is applicable
2023-10-07 06:35:29,954 [INFO] Rule:225 - rule **Change sai mode is applicable
2023-10-07 06:35:29,967 [INFO] DbConfProperties:305 - Apply Compatibility (78/279 Rules)
2023-10-07 06:35:29,989 [INFO] ImportTextPane:193 - (OptionalMessage_ERROR) Unable to find key (Mcu.ThirdPartyNb) in loaded IOC file
2023-10-07 06:35:30,345 [INFO] RtosManager:489 - Registered RTOS mode: class=CMSIS, group=RTOS, mode=CMSIS_V1, owner=FREERTOS
2023-10-07 06:35:30,345 [INFO] RtosManager:489 - Registered RTOS mode: class=CMSIS, group=RTOS2, mode=CMSIS_V2, owner=FREERTOS
2023-10-07 06:35:30,346 [INFO] RtosManager:489 - Registered RTOS mode: class=RTOS, group=Core, mode=CMSIS_V1, owner=FREERTOS
2023-10-07 06:35:30,346 [INFO] RtosManager:489 - Registered RTOS mode: class=RTOS, group=Core, mode=CMSIS_V2, owner=FREERTOS
2023-10-07 06:35:30,346 [WARN] ModelIntegratedComponent:185 - Missing modes for component STMicroelectronics:FreeRTOS:0.0.1:STMicroelectronics:RTOS:FreeRTOS:Core:::10.2.0:
2023-10-07 06:35:30,382 [WARN] ModelIntegratedComponent:64 - No mode defined for component null
2023-10-07 06:35:30,383 [WARN] ModelIntegratedComponent:64 - No mode defined for component null
2023-10-07 06:35:30,383 [WARN] ModelIntegratedComponent:64 - No mode defined for component null
2023-10-07 06:35:30,383 [WARN] ModelIntegratedComponent:64 - No mode defined for component null
2023-10-07 06:35:30,383 [WARN] ModelIntegratedComponent:64 - No mode defined for component null
2023-10-07 06:35:30,383 [WARN] ModelIntegratedComponent:64 - No mode defined for component null
2023-10-07 06:35:30,383 [WARN] ModelIntegratedComponent:64 - No mode defined for component null
2023-10-07 06:35:30,383 [WARN] ModelIntegratedComponent:64 - No mode defined for component null
2023-10-07 06:35:30,383 [WARN] ModelIntegratedComponent:64 - No mode defined for component null
2023-10-07 06:35:30,383 [WARN] ModelIntegratedComponent:64 - No mode defined for component null
2023-10-07 06:35:30,383 [WARN] ModelIntegratedComponent:64 - No mode defined for component null
2023-10-07 06:35:30,383 [WARN] ModelIntegratedComponent:64 - No mode defined for component null
2023-10-07 06:35:30,383 [WARN] ModelIntegratedComponent:64 - No mode defined for component null
2023-10-07 06:35:30,383 [WARN] ModelIntegratedComponent:64 - No mode defined for component null
2023-10-07 06:35:30,384 [WARN] ModelIntegratedComponent:64 - No mode defined for component null
2023-10-07 06:35:30,384 [WARN] ModelIntegratedComponent:64 - No mode defined for component null
2023-10-07 06:35:30,384 [WARN] ModelIntegratedComponent:64 - No mode defined for component null
2023-10-07 06:35:30,384 [WARN] ModelIntegratedComponent:64 - No mode defined for component null
2023-10-07 06:35:30,384 [WARN] ModelIntegratedComponent:64 - No mode defined for component null
2023-10-07 06:35:30,384 [WARN] ModelIntegratedComponent:64 - No mode defined for component null
2023-10-07 06:35:30,384 [WARN] ModelIntegratedComponent:64 - No mode defined for component null
2023-10-07 06:35:30,384 [WARN] ModelIntegratedComponent:64 - No mode defined for component null
2023-10-07 06:35:30,384 [WARN] ModelIntegratedComponent:64 - No mode defined for component null
2023-10-07 06:35:30,384 [WARN] ModelIntegratedComponent:64 - No mode defined for component null
2023-10-07 06:35:30,384 [WARN] ModelIntegratedComponent:64 - No mode defined for component null
2023-10-07 06:35:30,384 [WARN] ModelIntegratedComponent:64 - No mode defined for component null
2023-10-07 06:35:30,385 [WARN] ModelIntegratedComponent:64 - No mode defined for component null
2023-10-07 06:35:30,385 [WARN] ModelIntegratedComponent:64 - No mode defined for component null
2023-10-07 06:35:30,385 [WARN] ModelIntegratedComponent:64 - No mode defined for component null
2023-10-07 06:35:30,385 [WARN] ModelIntegratedComponent:64 - No mode defined for component null
2023-10-07 06:35:30,385 [WARN] ModelIntegratedComponent:64 - No mode defined for component null
2023-10-07 06:35:30,385 [WARN] ModelIntegratedComponent:64 - No mode defined for component null
2023-10-07 06:35:30,385 [WARN] ModelIntegratedComponent:64 - No mode defined for component null
2023-10-07 06:35:30,414 [INFO] ThirdPartyModel:294 - Start build external matchings
2023-10-07 06:35:30,814 [INFO] ThirdPartyModel:310 - End build external matchings
2023-10-07 06:35:31,092 [INFO] UtilMem:74 - End LoadConfig() Used Memory: 489097840 Bytes (625999872)
2023-10-07 06:35:31,230 [WARN] ThirdParty:807 - waiting for thirdparty lock release [change project]
2023-10-07 06:35:31,230 [INFO] ThirdParty:809 - entering critical section [change project]
2023-10-07 06:35:31,231 [INFO] ThirdParty:999 - CMSIS Pack Vendor :STMicroelectronics X-CUBE-ISPU 1.1.0
2023-10-07 06:35:31,231 [INFO] ThirdParty:999 - CMSIS Pack Vendor :STMicroelectronics X-CUBE-GNSS1 6.0.0
2023-10-07 06:35:31,231 [INFO] ThirdParty:999 - CMSIS Pack Vendor :STMicroelectronics USB_HOST 2.0.0
2023-10-07 06:35:31,231 [INFO] ThirdParty:999 - CMSIS Pack Vendor :STMicroelectronics X-CUBE-AZRTOS-F4 1.1.0
2023-10-07 06:35:31,231 [INFO] ThirdParty:999 - CMSIS Pack Vendor :STMicroelectronics LIBJPEG 8.0.0
2023-10-07 06:35:31,231 [INFO] ThirdParty:999 - CMSIS Pack Vendor :wolfSSL I-CUBE-wolfSSL 5.6.3
2023-10-07 06:35:31,231 [INFO] ThirdParty:999 - CMSIS Pack Vendor :STMicroelectronics X-CUBE-SMBUS 2.1.0
2023-10-07 06:35:31,231 [INFO] ThirdParty:999 - CMSIS Pack Vendor :STMicroelectronics USB_DEVICE 3.0.0
2023-10-07 06:35:31,231 [INFO] ThirdParty:999 - CMSIS Pack Vendor :STMicroelectronics X-CUBE-AZRTOS-WB 2.0.0
2023-10-07 06:35:31,231 [INFO] ThirdParty:999 - CMSIS Pack Vendor :STMicroelectronics X-CUBE-FREERTOS 1.0.1
2023-10-07 06:35:31,231 [INFO] ThirdParty:999 - CMSIS Pack Vendor :STMicroelectronics X-CUBE-AZRTOS-F7 1.1.0
2023-10-07 06:35:31,231 [INFO] ThirdParty:999 - CMSIS Pack Vendor :STMicroelectronics X-CUBE-AZRTOS-L5 2.0.0
2023-10-07 06:35:31,231 [INFO] ThirdParty:999 - CMSIS Pack Vendor :STMicroelectronics USB_DEVICE 2.0.0
2023-10-07 06:35:31,231 [INFO] ThirdParty:999 - CMSIS Pack Vendor :STMicroelectronics X-CUBE-MEMS1 9.6.0
2023-10-07 06:35:31,231 [INFO] ThirdParty:999 - CMSIS Pack Vendor :STMicroelectronics FP-SNS-MOTENV1 4.3.2
2023-10-07 06:35:31,231 [INFO] ThirdParty:999 - CMSIS Pack Vendor :STMicroelectronics X-CUBE-ALGOBUILD 1.3.0
2023-10-07 06:35:31,231 [INFO] ThirdParty:999 - CMSIS Pack Vendor :STMicroelectronics FreeRTOS 0.0.1
2023-10-07 06:35:31,231 [INFO] ThirdParty:999 - CMSIS Pack Vendor :STMicroelectronics X-CUBE-AZRTOS-G0 1.1.0
2023-10-07 06:35:31,231 [INFO] ThirdParty:999 - CMSIS Pack Vendor :STMicroelectronics X-CUBE-BLEMGR 2.0.0
2023-10-07 06:35:31,231 [INFO] ThirdParty:999 - CMSIS Pack Vendor :STMicroelectronics X-CUBE-NFC4 3.0.0
2023-10-07 06:35:31,232 [INFO] ThirdParty:999 - CMSIS Pack Vendor :STMicroelectronics X-CUBE-SUBG2 5.0.0
2023-10-07 06:35:31,232 [INFO] ThirdParty:999 - CMSIS Pack Vendor :STMicroelectronics STM32_WPAN 1.0.0
2023-10-07 06:35:31,232 [INFO] ThirdParty:999 - CMSIS Pack Vendor :STMicroelectronics lwIP 2.0.3
2023-10-07 06:35:31,232 [INFO] ThirdParty:999 - CMSIS Pack Vendor :STMicroelectronics FP-SNS-FLIGHT1 5.0.2
2023-10-07 06:35:31,232 [INFO] ThirdParty:999 - CMSIS Pack Vendor :STMicroelectronics USB_HOST 1.0.0
2023-10-07 06:35:31,232 [INFO] ThirdParty:999 - CMSIS Pack Vendor :STMicroelectronics X-CUBE-TOF1 3.3.1
2023-10-07 06:35:31,232 [INFO] ThirdParty:999 - CMSIS Pack Vendor :STMicroelectronics X-CUBE-AZRTOS-G4 2.0.0
2023-10-07 06:35:31,232 [INFO] ThirdParty:999 - CMSIS Pack Vendor :STMicroelectronics PDM2PCM 3.1.0
2023-10-07 06:35:31,232 [INFO] ThirdParty:999 - CMSIS Pack Vendor :STMicroelectronics X-CUBE-AZRTOS-H7 3.1.0
2023-10-07 06:35:31,232 [INFO] ThirdParty:999 - CMSIS Pack Vendor :STMicroelectronics PDM2PCM 3.3.0
2023-10-07 06:35:31,232 [INFO] ThirdParty:999 - CMSIS Pack Vendor :STMicroelectronics X-CUBE-DISPLAY 3.0.0
2023-10-07 06:35:31,232 [INFO] ThirdParty:999 - CMSIS Pack Vendor :STMicroelectronics X-CUBE-BLE1 7.0.0
2023-10-07 06:35:31,232 [INFO] ThirdParty:999 - CMSIS Pack Vendor :STMicroelectronics FP-ATR-SIGFOX1 3.2.0
2023-10-07 06:35:31,232 [INFO] ThirdParty:999 - CMSIS Pack Vendor :STMicroelectronics HAL Drivers 0.0.0
2023-10-07 06:35:31,232 [INFO] ThirdParty:999 - CMSIS Pack Vendor :STMicroelectronics MBEDTLS 2.16.2
2023-10-07 06:35:31,233 [INFO] ThirdParty:999 - CMSIS Pack Vendor :emotas I-CUBE-CANOPEN 1.3.0
2023-10-07 06:35:31,233 [INFO] ThirdParty:999 - CMSIS Pack Vendor :STMicroelectronics X-CUBE-FREERTOS 1.1.0
2023-10-07 06:35:31,233 [INFO] ThirdParty:999 - CMSIS Pack Vendor :STMicroelectronics X-CUBE-TOUCHGFX 4.22.0
2023-10-07 06:35:31,233 [INFO] ThirdParty:999 - CMSIS Pack Vendor :STMicroelectronics X-CUBE-NFC7 1.0.1
2023-10-07 06:35:31,233 [INFO] ThirdParty:999 - CMSIS Pack Vendor :STMicroelectronics MBEDTLS 2.14.1
2023-10-07 06:35:31,233 [INFO] ThirdParty:999 - CMSIS Pack Vendor :STMicroelectronics X-CUBE-NFC6 3.0.0
2023-10-07 06:35:31,233 [INFO] ThirdParty:999 - CMSIS Pack Vendor :STMicroelectronics X-CUBE-EEPRMA1 4.1.0
2023-10-07 06:35:31,233 [INFO] ThirdParty:999 - CMSIS Pack Vendor :portGmbH I-Cube-SoM-uGOAL 1.1.0
2023-10-07 06:35:31,233 [INFO] ThirdParty:999 - CMSIS Pack Vendor :STMicroelectronics X-CUBE-ALS 1.0.1
2023-10-07 06:35:31,233 [INFO] ThirdParty:999 - CMSIS Pack Vendor :STMicroelectronics ThreadX 1.0.0
2023-10-07 06:35:31,233 [INFO] ThirdParty:999 - CMSIS Pack Vendor :STMicroelectronics FP-SNS-SMARTAG2 1.2.0
2023-10-07 06:35:31,233 [INFO] ThirdParty:999 - CMSIS Pack Vendor :STMicroelectronics X-CUBE-AZRTOS-WL 2.0.0
2023-10-07 06:35:31,233 [INFO] ThirdParty:999 - CMSIS Pack Vendor :SEGGER I-CUBE-embOS 1.3.1
2023-10-07 06:35:31,234 [INFO] ThirdParty:999 - CMSIS Pack Vendor :STMicroelectronics USB_DEVICE 1.0.0
2023-10-07 06:35:31,234 [INFO] ThirdParty:999 - CMSIS Pack Vendor :STMicroelectronics X-CUBE-AI 8.1.0
2023-10-07 06:35:31,234 [INFO] ThirdParty:999 - CMSIS Pack Vendor :STMicroelectronics X-CUBE-AZRTOS-L4 2.0.0
2023-10-07 06:35:31,234 [INFO] ThirdParty:999 - CMSIS Pack Vendor :STMicroelectronics ThreadX 0.0.2
2023-10-07 06:35:31,234 [INFO] ThirdParty:999 - CMSIS Pack Vendor :WES I-CUBE-Cesium 1.3.0
2023-10-07 06:35:31,234 [INFO] ThirdParty:999 - CMSIS Pack Vendor :STMicroelectronics FP-ATR-ASTRA1 2.0.0
2023-10-07 06:35:31,234 [INFO] ThirdParty:999 - CMSIS Pack Vendor :STMicroelectronics lwIP 2.1.2
2023-10-07 06:35:31,234 [INFO] ThirdParty:999 - CMSIS Pack Vendor :STMicroelectronics X-CUBE-SFXS2LP1 4.0.0
2023-10-07 06:35:31,234 [INFO] ThirdParty:999 - CMSIS Pack Vendor :STMicroelectronics X-CUBE-BLE2 3.3.0
2023-10-07 06:35:31,234 [INFO] ThirdParty:999 - CMSIS Pack Vendor :STMicroelectronics PDM2PCM 3.2.0
2023-10-07 06:35:31,234 [INFO] ThirdParty:815 - exiting critical section [change project]
2023-10-07 06:35:31,554 [INFO] PinOutPanel:1477 - setPackage(No Configuration,No Configuration)
2023-10-07 06:35:31,556 [INFO] PinOutPanel:1477 - setPackage(STM32F446RETx,LQFP64)
2023-10-07 06:35:32,181 [INFO] UtilMem:74 - Before build in PCC Used Memory: 542749664 Bytes (625999872)
2023-10-07 06:35:32,923 [INFO] UtilMem:74 - After build in PCC Used Memory: 501295736 Bytes (625999872)
2023-10-07 06:35:32,981 [INFO] IPUIPlugin:79 - create IPUIPlugin
2023-10-07 06:35:32,982 [INFO] IPUIPlugin:79 - create IPUIPlugin
2023-10-07 06:35:32,982 [INFO] IPUIPlugin:79 - create IPUIPlugin
2023-10-07 06:35:32,982 [INFO] IPUIPlugin:79 - create IPUIPlugin
2023-10-07 06:35:32,982 [INFO] IPUIPlugin:79 - create IPUIPlugin
2023-10-07 06:35:32,983 [INFO] IPUIPlugin:79 - create IPUIPlugin
2023-10-07 06:35:32,983 [INFO] IPUIPlugin:79 - create IPUIPlugin
2023-10-07 06:35:32,984 [INFO] IPUIPlugin:79 - create IPUIPlugin
2023-10-07 06:35:32,984 [INFO] IPUIPlugin:79 - create IPUIPlugin
2023-10-07 06:35:32,984 [INFO] IPUIPlugin:79 - create IPUIPlugin
2023-10-07 06:35:32,985 [INFO] IPUIPlugin:79 - create IPUIPlugin
2023-10-07 06:35:32,985 [INFO] IPUIPlugin:79 - create IPUIPlugin
2023-10-07 06:35:32,985 [INFO] IPUIPlugin:79 - create IPUIPlugin
2023-10-07 06:35:32,986 [INFO] IPUIPlugin:79 - create IPUIPlugin
2023-10-07 06:35:32,987 [INFO] IPUIPlugin:79 - create IPUIPlugin
2023-10-07 06:35:32,987 [INFO] IPUIPlugin:79 - create IPUIPlugin
2023-10-07 06:35:32,988 [INFO] IPUIPlugin:79 - create IPUIPlugin
2023-10-07 06:35:32,989 [INFO] IPUIPlugin:79 - create IPUIPlugin
2023-10-07 06:35:32,989 [INFO] IPUIPlugin:79 - create IPUIPlugin
2023-10-07 06:35:32,990 [INFO] IPUIPlugin:79 - create IPUIPlugin
2023-10-07 06:35:32,991 [INFO] IPUIPlugin:79 - create IPUIPlugin
2023-10-07 06:35:32,992 [INFO] IPUIPlugin:79 - create IPUIPlugin
2023-10-07 06:35:32,993 [INFO] IPUIPlugin:79 - create IPUIPlugin
2023-10-07 06:35:32,994 [INFO] IPUIPlugin:79 - create IPUIPlugin
2023-10-07 06:35:32,995 [INFO] IPUIPlugin:79 - create IPUIPlugin
2023-10-07 06:35:32,996 [INFO] IPUIPlugin:79 - create IPUIPlugin
2023-10-07 06:35:32,998 [INFO] IPUIPlugin:79 - create IPUIPlugin
2023-10-07 06:35:33,000 [INFO] IPUIPlugin:79 - create IPUIPlugin
2023-10-07 06:35:33,001 [INFO] IPUIPlugin:79 - create IPUIPlugin
2023-10-07 06:35:33,002 [INFO] IPUIPlugin:79 - create IPUIPlugin
2023-10-07 06:35:33,004 [INFO] IPUIPlugin:79 - create IPUIPlugin
2023-10-07 06:35:33,005 [INFO] IPUIPlugin:79 - create IPUIPlugin
2023-10-07 06:35:33,007 [INFO] IPUIPlugin:79 - create IPUIPlugin
2023-10-07 06:35:33,008 [INFO] IPUIPlugin:79 - create IPUIPlugin
2023-10-07 06:35:33,010 [INFO] IPUIPlugin:79 - create IPUIPlugin
2023-10-07 06:35:33,011 [INFO] IPUIPlugin:79 - create IPUIPlugin
2023-10-07 06:35:33,013 [INFO] IPUIPlugin:79 - create IPUIPlugin
2023-10-07 06:35:33,014 [INFO] IPUIPlugin:79 - create IPUIPlugin
2023-10-07 06:35:33,016 [INFO] IPUIPlugin:79 - create IPUIPlugin
2023-10-07 06:35:33,017 [INFO] IPUIPlugin:79 - create IPUIPlugin
2023-10-07 06:35:33,019 [INFO] IPUIPlugin:79 - create IPUIPlugin
2023-10-07 06:35:33,020 [INFO] IPUIPlugin:79 - create IPUIPlugin
2023-10-07 06:35:33,022 [INFO] IPUIPlugin:79 - create IPUIPlugin
2023-10-07 06:35:33,024 [INFO] IPUIPlugin:79 - create IPUIPlugin
2023-10-07 06:35:33,025 [INFO] IPUIPlugin:79 - create IPUIPlugin
2023-10-07 06:35:33,027 [INFO] IPUIPlugin:79 - create IPUIPlugin
2023-10-07 06:35:33,029 [INFO] IPUIPlugin:79 - create IPUIPlugin
2023-10-07 06:35:33,031 [INFO] IPUIPlugin:79 - create IPUIPlugin
2023-10-07 06:35:33,032 [INFO] IPUIPlugin:79 - create IPUIPlugin
2023-10-07 06:35:33,034 [INFO] IPUIPlugin:79 - create IPUIPlugin
2023-10-07 06:35:33,036 [INFO] IPUIPlugin:79 - create IPUIPlugin
2023-10-07 06:35:33,039 [INFO] IPUIPlugin:79 - create IPUIPlugin
2023-10-07 06:35:33,041 [INFO] IPUIPlugin:79 - create IPUIPlugin
2023-10-07 06:35:33,043 [INFO] IPUIPlugin:79 - create IPUIPlugin
2023-10-07 06:35:33,047 [INFO] IPUIPlugin:79 - create IPUIPlugin
2023-10-07 06:35:33,049 [INFO] IPUIPlugin:79 - create IPUIPlugin
2023-10-07 06:35:33,052 [INFO] IPUIPlugin:79 - create IPUIPlugin
2023-10-07 06:35:33,057 [INFO] IPUIPlugin:79 - create IPUIPlugin
2023-10-07 06:35:33,060 [INFO] IPUIPlugin:79 - create IPUIPlugin
2023-10-07 06:35:33,063 [INFO] IPUIPlugin:79 - create IPUIPlugin
2023-10-07 06:35:33,144 [INFO] ApiDbMcu:505 - Load IP Config File for PDM2PCM
2023-10-07 06:35:33,369 [INFO] CADModel:164 - CPN selected for project levelSTM32F446RET6
2023-10-07 06:35:33,369 [INFO] CADModel:113 - Register for checkConnection events
2023-10-07 06:35:33,419 [INFO] OpenFileManager:327 - Restore cursor
2023-10-07 06:35:35,158 [INFO] UtilMem:74 - End SaveConfig() Used Memory: 543925120 Bytes (625999872)
2023-10-07 06:35:35,256 [INFO] UtilMem:74 - End SaveConfig() Used Memory: 565945360 Bytes (625999872)
2023-10-07 06:35:35,758 [INFO] BlockDiagram:2759 - set Specific Code input for plugin: RCC
2023-10-07 06:35:35,759 [INFO] BlockDiagram:2759 - set Specific Code input for plugin: NVIC
2023-10-07 06:35:35,759 [INFO] BlockDiagram:2759 - set Specific Code input for plugin: GPIO
2023-10-07 06:35:35,761 [INFO] CodeGenerator:692 - code generatio: config db path: C:\ST\STM32CubeIDE_1.11.2\STM32CubeIDE\plugins\com.st.stm32cube.common.mx_6.7.0.202301130839\\db\
2023-10-07 06:35:36,382 [INFO] CodeEngine:247 - oldGeneratedFile, C:\GitRepo\STM32_App_Shield\workspace\Test_Project\MXTmpFiles\license.tmp_save
2023-10-07 06:35:36,786 [INFO] CodeEngine:271 - Generated code: C:\GitRepo\STM32_App_Shield\workspace\Test_Project\MXTmpFiles\license.tmp
2023-10-07 06:35:36,853 [INFO] CodeEngine:247 - oldGeneratedFile, C:\GitRepo\STM32_App_Shield\workspace\Test_Project\MXTmpFiles\gpio.tmp_save
2023-10-07 06:35:36,998 [INFO] CodeEngine:271 - Generated code: C:\GitRepo\STM32_App_Shield\workspace\Test_Project\MXTmpFiles\gpio.tmp
2023-10-07 06:35:37,020 [INFO] CodeEngine:247 - oldGeneratedFile, C:\GitRepo\STM32_App_Shield\workspace\Test_Project\Core\Src\stm32f4xx_it.c_save
2023-10-07 06:35:37,192 [INFO] CodeEngine:271 - Generated code: C:\GitRepo\STM32_App_Shield\workspace\Test_Project\Core\Src\stm32f4xx_it.c
2023-10-07 06:35:37,202 [INFO] CodeEngine:247 - oldGeneratedFile, C:\GitRepo\STM32_App_Shield\workspace\Test_Project\Core\Inc\stm32f4xx_it.h_save
2023-10-07 06:35:37,295 [INFO] CodeEngine:271 - Generated code: C:\GitRepo\STM32_App_Shield\workspace\Test_Project\Core\Inc\stm32f4xx_it.h
2023-10-07 06:35:37,344 [INFO] CodeEngine:247 - oldGeneratedFile, C:\GitRepo\STM32_App_Shield\workspace\Test_Project\Core\Src\stm32f4xx_hal_msp.c_save
2023-10-07 06:35:37,517 [INFO] CodeEngine:271 - Generated code: C:\GitRepo\STM32_App_Shield\workspace\Test_Project\Core\Src\stm32f4xx_hal_msp.c
2023-10-07 06:35:37,529 [INFO] CodeEngine:247 - oldGeneratedFile, C:\GitRepo\STM32_App_Shield\workspace\Test_Project\MXTmpFiles\system.tmp_save
2023-10-07 06:35:37,620 [INFO] CodeEngine:271 - Generated code: C:\GitRepo\STM32_App_Shield\workspace\Test_Project\MXTmpFiles\system.tmp
2023-10-07 06:35:37,662 [INFO] CodeEngine:303 - oldGeneratedFile, C:\GitRepo\STM32_App_Shield\workspace\Test_Project\Core\Inc\stm32f4xx_hal_conf.h_save
2023-10-07 06:35:37,815 [INFO] CodeEngine:327 - Generated code: C:\GitRepo\STM32_App_Shield\workspace\Test_Project\Core\Inc\stm32f4xx_hal_conf.h
2023-10-07 06:35:37,883 [WARN] IPConfigManager:2928 - Warning: the RefConfig PLL2P_FOR_MCO is not available in your config.xml file
2023-10-07 06:35:37,904 [INFO] CodeEngine:247 - oldGeneratedFile, C:\GitRepo\STM32_App_Shield\workspace\Test_Project\Core\Inc\main.h_save
2023-10-07 06:35:38,026 [INFO] CodeEngine:271 - Generated code: C:\GitRepo\STM32_App_Shield\workspace\Test_Project\Core\Inc\main.h
2023-10-07 06:35:38,039 [INFO] CodeEngine:247 - oldGeneratedFile, C:\GitRepo\STM32_App_Shield\workspace\Test_Project\Core\Src\main.c_save
2023-10-07 06:35:38,199 [INFO] CodeEngine:271 - Generated code: C:\GitRepo\STM32_App_Shield\workspace\Test_Project\Core\Src\main.c
2023-10-07 06:35:38,922 [INFO] ProjectBuilder:2919 - Time for Copy HAL[1] : 152mS.
2023-10-07 06:35:38,932 [INFO] ProjectBuilder:4183 - Project Generator version: 3.18.0-B7
2023-10-07 06:35:39,262 [INFO] ConfigFileManager:1396 - The Die is : DIE421
2023-10-07 06:35:39,276 [INFO] ApiDbMcu:505 - Load IP Config File for FATFS
2023-10-07 06:35:39,316 [INFO] ApiDbMcu:505 - Load IP Config File for FREERTOS
2023-10-07 06:35:39,324 [INFO] ApiDbMcu:505 - Load IP Config File for LIBJPEG
2023-10-07 06:35:39,349 [INFO] ApiDbMcu:505 - Load IP Config File for MBEDTLS
2023-10-07 06:35:39,364 [INFO] ApiDbMcu:505 - Load IP Config File for USB_DEVICE
2023-10-07 06:35:39,374 [INFO] ApiDbMcu:505 - Load IP Config File for USB_HOST
2023-10-07 06:35:43,414 [INFO] ProjectBuilder:4351 - Time for Generating toolchain IDE Files: 4481mS.
2023-10-07 06:35:43,415 [INFO] ProjectBuilder:2790 - Time for Copy CMSIS : 0mS.
2023-10-07 06:35:43,417 [INFO] ProjectBuilder:2790 - Time for Copy CMSIS : 0mS.
2023-10-07 06:35:43,965 [INFO] McuFinderGlobals:65 - Set McuFinderConnectedMode to true
2023-10-07 06:35:43,967 [INFO] ApiDb:447 - Save user favorites file C:\Users\harpr/.stm32cubeide/favorites.mcus.txt: 0 item(s)
2023-10-07 06:35:43,968 [INFO] ApiDb:451 - User favorites MCUs=[]
2023-10-07 06:35:43,969 [INFO] ApiDb:447 - Save user favorites file C:\Users\harpr/.stm32cubeide/favorites.boards.txt: 1 item(s)
2023-10-07 06:35:43,970 [INFO] ApiDb:451 - User favorites Boards=[STM32F411E-DISCO]
2023-10-07 06:35:44,160 [ERROR] ConfigurationRetriever:140 - IOException on connection: citools.st.com
2023-10-07 06:35:44,162 [ERROR] ConfigurationRetriever:140 - IOException on connection: citools.st.com
2023-10-07 06:35:44,162 [ERROR] ConfigurationRetriever:140 - IOException on connection: citools.st.com
2023-10-07 06:37:08,066 [INFO] Gpio:272 - dependency for GPIO []
2023-10-07 06:37:41,806 [INFO] Gpio:272 - dependency for GPIO []
2023-10-07 06:37:41,837 [INFO] NvicIntPanel:100 - NVIC parent = com.st.microxplorer.plugins.ip.nvic.MultiNvicIntPanel[,0,0,0x0,invalid,layout=javax.swing.BoxLayout,alignmentX=0.0,alignmentY=0.0,border=,flags=9,maximumSize=,minimumSize=,preferredSize=]
2023-10-07 06:38:03,818 [INFO] Gpio:272 - dependency for GPIO []
2023-10-07 06:38:03,841 [INFO] NvicIntPanel:100 - NVIC parent = com.st.microxplorer.plugins.ip.nvic.MultiNvicIntPanel[,0,0,0x0,invalid,layout=javax.swing.BoxLayout,alignmentX=0.0,alignmentY=0.0,border=,flags=9,maximumSize=,minimumSize=,preferredSize=]
2023-10-07 06:38:39,424 [INFO] Gpio:272 - dependency for GPIO []
2023-10-07 06:38:39,446 [INFO] NvicIntPanel:100 - NVIC parent = com.st.microxplorer.plugins.ip.nvic.MultiNvicIntPanel[,0,0,0x0,invalid,layout=javax.swing.BoxLayout,alignmentX=0.0,alignmentY=0.0,border=,flags=9,maximumSize=,minimumSize=,preferredSize=]
2023-10-07 06:39:22,673 [INFO] Gpio:272 - dependency for GPIO []
2023-10-07 06:39:22,694 [INFO] NvicIntPanel:100 - NVIC parent = com.st.microxplorer.plugins.ip.nvic.MultiNvicIntPanel[,0,0,0x0,invalid,layout=javax.swing.BoxLayout,alignmentX=0.0,alignmentY=0.0,border=,flags=9,maximumSize=,minimumSize=,preferredSize=]
2023-10-07 06:39:46,037 [INFO] Gpio:272 - dependency for GPIO []
2023-10-07 06:42:54,445 [INFO] UtilMem:74 - End SaveConfig() Used Memory: 756041464 Bytes (919601152)
2023-10-07 06:42:57,663 [INFO] UtilMem:74 - End SaveConfig() Used Memory: 806050808 Bytes (919601152)
2023-10-07 06:42:58,139 [INFO] BlockDiagram:2759 - set Specific Code input for plugin: RCC
2023-10-07 06:42:58,140 [INFO] BlockDiagram:2759 - set Specific Code input for plugin: NVIC
2023-10-07 06:42:58,140 [INFO] BlockDiagram:2759 - set Specific Code input for plugin: GPIO
2023-10-07 06:42:58,143 [INFO] CodeGenerator:692 - code generatio: config db path: C:\ST\STM32CubeIDE_1.11.2\STM32CubeIDE\plugins\com.st.stm32cube.common.mx_6.7.0.202301130839\\db\
2023-10-07 06:42:58,420 [INFO] CodeEngine:247 - oldGeneratedFile, C:\GitRepo\STM32_App_Shield\workspace\Test_Project\MXTmpFiles\license.tmp_save
2023-10-07 06:42:58,534 [INFO] CodeEngine:271 - Generated code: C:\GitRepo\STM32_App_Shield\workspace\Test_Project\MXTmpFiles\license.tmp
2023-10-07 06:42:58,562 [INFO] CodeEngine:247 - oldGeneratedFile, C:\GitRepo\STM32_App_Shield\workspace\Test_Project\MXTmpFiles\gpio.tmp_save
2023-10-07 06:42:58,933 [INFO] CodeEngine:271 - Generated code: C:\GitRepo\STM32_App_Shield\workspace\Test_Project\MXTmpFiles\gpio.tmp
2023-10-07 06:42:58,959 [INFO] CodeEngine:247 - oldGeneratedFile, C:\GitRepo\STM32_App_Shield\workspace\Test_Project\Core\Src\stm32f4xx_it.c_save
2023-10-07 06:42:59,218 [INFO] CodeEngine:271 - Generated code: C:\GitRepo\STM32_App_Shield\workspace\Test_Project\Core\Src\stm32f4xx_it.c
2023-10-07 06:42:59,231 [INFO] CodeEngine:247 - oldGeneratedFile, C:\GitRepo\STM32_App_Shield\workspace\Test_Project\Core\Inc\stm32f4xx_it.h_save
2023-10-07 06:42:59,317 [INFO] CodeEngine:271 - Generated code: C:\GitRepo\STM32_App_Shield\workspace\Test_Project\Core\Inc\stm32f4xx_it.h
2023-10-07 06:42:59,355 [INFO] CodeEngine:247 - oldGeneratedFile, C:\GitRepo\STM32_App_Shield\workspace\Test_Project\Core\Src\stm32f4xx_hal_msp.c_save
2023-10-07 06:42:59,507 [INFO] CodeEngine:271 - Generated code: C:\GitRepo\STM32_App_Shield\workspace\Test_Project\Core\Src\stm32f4xx_hal_msp.c
2023-10-07 06:42:59,513 [INFO] CodeEngine:247 - oldGeneratedFile, C:\GitRepo\STM32_App_Shield\workspace\Test_Project\MXTmpFiles\system.tmp_save
2023-10-07 06:42:59,585 [INFO] CodeEngine:271 - Generated code: C:\GitRepo\STM32_App_Shield\workspace\Test_Project\MXTmpFiles\system.tmp
2023-10-07 06:42:59,604 [INFO] CodeEngine:303 - oldGeneratedFile, C:\GitRepo\STM32_App_Shield\workspace\Test_Project\Core\Inc\stm32f4xx_hal_conf.h_save
2023-10-07 06:42:59,721 [INFO] CodeEngine:327 - Generated code: C:\GitRepo\STM32_App_Shield\workspace\Test_Project\Core\Inc\stm32f4xx_hal_conf.h
2023-10-07 06:42:59,744 [WARN] IPConfigManager:2928 - Warning: the RefConfig PLL2P_FOR_MCO is not available in your config.xml file
2023-10-07 06:42:59,763 [INFO] CodeEngine:247 - oldGeneratedFile, C:\GitRepo\STM32_App_Shield\workspace\Test_Project\Core\Inc\main.h_save
2023-10-07 06:42:59,920 [INFO] CodeEngine:271 - Generated code: C:\GitRepo\STM32_App_Shield\workspace\Test_Project\Core\Inc\main.h
2023-10-07 06:42:59,934 [INFO] CodeEngine:247 - oldGeneratedFile, C:\GitRepo\STM32_App_Shield\workspace\Test_Project\Core\Src\main.c_save
2023-10-07 06:43:00,066 [INFO] CodeEngine:271 - Generated code: C:\GitRepo\STM32_App_Shield\workspace\Test_Project\Core\Src\main.c
2023-10-07 06:43:00,820 [INFO] ProjectBuilder:2919 - Time for Copy HAL[1] : 204mS.
2023-10-07 06:43:00,826 [INFO] ProjectBuilder:4183 - Project Generator version: 3.18.0-B7
2023-10-07 06:43:01,323 [INFO] ConfigFileManager:1396 - The Die is : DIE421
2023-10-07 06:43:03,254 [INFO] ProjectBuilder:4351 - Time for Generating toolchain IDE Files: 2427mS.
2023-10-07 06:43:03,255 [INFO] ProjectBuilder:2790 - Time for Copy CMSIS : 1mS.
2023-10-07 06:43:03,257 [INFO] ProjectBuilder:2790 - Time for Copy CMSIS : 0mS.
2023-10-07 06:43:03,607 [ERROR] ConfigurationRetriever:140 - IOException on connection: citools.st.com
2023-10-07 06:43:03,608 [ERROR] ConfigurationRetriever:140 - IOException on connection: citools.st.com
2023-10-07 06:43:03,608 [ERROR] ConfigurationRetriever:140 - IOException on connection: citools.st.com
2023-10-07 06:45:12,929 [ERROR] ConfigurationRetriever:140 - IOException on connection: citools.st.com
2023-10-07 06:45:12,930 [ERROR] ConfigurationRetriever:140 - IOException on connection: citools.st.com
2023-10-07 06:45:12,930 [ERROR] ConfigurationRetriever:140 - IOException on connection: citools.st.com
2023-10-07 06:45:22,074 [ERROR] ConfigurationRetriever:140 - IOException on connection: citools.st.com
2023-10-07 06:45:22,075 [ERROR] ConfigurationRetriever:140 - IOException on connection: citools.st.com
2023-10-07 06:45:22,075 [ERROR] ConfigurationRetriever:140 - IOException on connection: citools.st.com
2023-10-07 06:47:02,086 [ERROR] ConfigurationRetriever:140 - IOException on connection: citools.st.com
2023-10-07 06:47:02,086 [ERROR] ConfigurationRetriever:140 - IOException on connection: citools.st.com
2023-10-07 06:47:02,086 [ERROR] ConfigurationRetriever:140 - IOException on connection: citools.st.com
2023-10-07 06:47:05,036 [ERROR] ConfigurationRetriever:140 - IOException on connection: citools.st.com
2023-10-07 06:47:05,037 [ERROR] ConfigurationRetriever:140 - IOException on connection: citools.st.com
2023-10-07 06:47:05,038 [ERROR] ConfigurationRetriever:140 - IOException on connection: citools.st.com
2023-10-07 06:49:29,055 [ERROR] ConfigurationRetriever:140 - IOException on connection: citools.st.com
2023-10-07 06:49:29,055 [ERROR] ConfigurationRetriever:140 - IOException on connection: citools.st.com
2023-10-07 06:49:29,056 [ERROR] ConfigurationRetriever:140 - IOException on connection: citools.st.com
2023-10-07 06:50:20,497 [ERROR] ConfigurationRetriever:140 - IOException on connection: citools.st.com
2023-10-07 06:50:20,497 [ERROR] ConfigurationRetriever:140 - IOException on connection: citools.st.com
2023-10-07 06:50:20,498 [ERROR] ConfigurationRetriever:140 - IOException on connection: citools.st.com
2023-10-07 06:50:21,017 [INFO] JxBrowserEngine:114 - Initiate JxBrowser Engine with user profile folder
2023-10-07 06:50:23,916 [INFO] WebAppUi:459 - Close the Jxbrowser engine manually
2023-10-07 06:50:23,955 [INFO] WebAppUi:462 - Profiles folder deleted
2023-10-07 06:50:24,272 [ERROR] LogOutputStream:74 - [STDERR_REDIRECT] 
